#
# There is insufficient memory for the Java Runtime Environment to continue.
# Native memory allocation (malloc) failed to allocate 32744 bytes. Error detail: Chunk::new
# Possible reasons:
#   The system is out of physical RAM or swap space
#   This process is running with CompressedOops enabled, and the Java Heap may be blocking the growth of the native heap
# Possible solutions:
#   Reduce memory load on the system
#   Increase physical memory or swap space
#   Check if swap backing store is full
#   Decrease Java heap size (-Xmx/-Xms)
#   Decrease number of Java threads
#   Decrease Java thread stack sizes (-Xss)
#   Set larger code cache with -XX:ReservedCodeCacheSize=
#   JVM is running with Unscaled Compressed Oops mode in which the Java heap is
#     placed in the first 4GB address space. The Java Heap base address is the
#     maximum limit for the native heap growth. Please use -XX:HeapBaseMinAddress
#     to set the Java Heap base and to place the Java Heap above 4GB virtual address.
# This output file may be truncated or incomplete.
#
#  Out of Memory Error (arena.cpp:150), pid=6848, tid=3012
#
# JRE version: OpenJDK Runtime Environment (22.0.1+8) (build 22.0.1+8-16)
# Java VM: OpenJDK 64-Bit Server VM (22.0.1+8-16, mixed mode, sharing, tiered, compressed oops, compressed class ptrs, g1 gc, windows-amd64)
# No core dump will be written. Minidumps are not enabled by default on client versions of Windows
#

---------------  S U M M A R Y ------------

Command Line: -Dmaven.multiModuleProjectDirectory=C:\Users\Admin\Desktop\library_app\Sisteme_te_Shperndara_Library\backend -Djansi.passthrough=true -Dmaven.home=C:\Users\Admin\.m2\wrapper\dists\apache-maven-3.9.9-bin\4nf9hui3q3djbarqar9g711ggc\apache-maven-3.9.9 -Dclassworlds.conf=C:\Users\Admin\.m2\wrapper\dists\apache-maven-3.9.9-bin\4nf9hui3q3djbarqar9g711ggc\apache-maven-3.9.9\bin\m2.conf -Dmaven.ext.class.path=C:\Program Files\JetBrains\IntelliJ IDEA 2024.1.1\plugins\maven\lib\maven-event-listener.jar -Dfile.encoding=UTF-8 -Dsun.stdout.encoding=UTF-8 -Dsun.stderr.encoding=UTF-8 org.codehaus.classworlds.Launcher -Didea.version=2024.1.1 install

Host: Intel(R) Core(TM) i5-1035G1 CPU @ 1.00GHz, 8 cores, 7G,  Windows 10 , 64 bit Build 19041 (10.0.19041.5438)
Time: Thu May  1 00:09:03 2025 Central Europe Daylight Time elapsed time: 38.397494 seconds (0d 0h 0m 38s)

---------------  T H R E A D  ---------------

Current thread (0x00000150307de7c0):  JavaThread "C2 CompilerThread0" daemon [_thread_in_native, id=3012, stack(0x000000115ae00000,0x000000115af00000) (1024K)]


Current CompileTask:
C2:38397 5445       4       sun.nio.cs.UTF_8::updatePositions (23 bytes)

Stack: [0x000000115ae00000,0x000000115af00000]
Native frames: (J=compiled Java code, j=interpreted, Vv=VM code, C=native code)
V  [jvm.dll+0x6e2279]  (no source info available)
V  [jvm.dll+0x874e33]  (no source info available)
V  [jvm.dll+0x87725e]  (no source info available)
V  [jvm.dll+0x877933]  (no source info available)
V  [jvm.dll+0x27fd76]  (no source info available)
V  [jvm.dll+0xc3d0f]  (no source info available)
V  [jvm.dll+0xc40fb]  (no source info available)
V  [jvm.dll+0xc3bbb]  (no source info available)
V  [jvm.dll+0x6bed1c]  (no source info available)
V  [jvm.dll+0x60b8ef]  (no source info available)
V  [jvm.dll+0x250db2]  (no source info available)
V  [jvm.dll+0x2493c6]  (no source info available)
V  [jvm.dll+0x246ec6]  (no source info available)
V  [jvm.dll+0x1c4e90]  (no source info available)
V  [jvm.dll+0x2569fe]  (no source info available)
V  [jvm.dll+0x254cba]  (no source info available)
V  [jvm.dll+0x3f5336]  (no source info available)
V  [jvm.dll+0x81d44b]  (no source info available)
V  [jvm.dll+0x6e0915]  (no source info available)
C  [ucrtbase.dll+0x21bb2]  (no source info available)
C  [KERNEL32.DLL+0x17374]  (no source info available)
C  [ntdll.dll+0x4cc91]  (no source info available)


---------------  P R O C E S S  ---------------

Threads class SMR info:
_java_thread_list=0x0000015077f03520, length=18, elements={
0x0000015011e196a0, 0x00000150307d3c60, 0x00000150307d5a80, 0x00000150307db750,
0x00000150307dc2a0, 0x00000150307dcdf0, 0x00000150307dd940, 0x00000150307de7c0,
0x00000150307dff20, 0x0000015030a75680, 0x0000015030a7e530, 0x0000015076e2eba0,
0x0000015076dd0170, 0x0000015077d05420, 0x0000015076dce830, 0x0000015076d1bf60,
0x0000015076d1cbd0, 0x0000015077818eb0
}

Java Threads: ( => current thread )
  0x0000015011e196a0 JavaThread "main"                              [_thread_in_native, id=2936, stack(0x000000115a000000,0x000000115a100000) (1024K)]
  0x00000150307d3c60 JavaThread "Reference Handler"          daemon [_thread_blocked, id=1752, stack(0x000000115a800000,0x000000115a900000) (1024K)]
  0x00000150307d5a80 JavaThread "Finalizer"                  daemon [_thread_blocked, id=22640, stack(0x000000115a900000,0x000000115aa00000) (1024K)]
  0x00000150307db750 JavaThread "Signal Dispatcher"          daemon [_thread_blocked, id=5612, stack(0x000000115aa00000,0x000000115ab00000) (1024K)]
  0x00000150307dc2a0 JavaThread "Attach Listener"            daemon [_thread_blocked, id=20620, stack(0x000000115ab00000,0x000000115ac00000) (1024K)]
  0x00000150307dcdf0 JavaThread "Service Thread"             daemon [_thread_blocked, id=22776, stack(0x000000115ac00000,0x000000115ad00000) (1024K)]
  0x00000150307dd940 JavaThread "Monitor Deflation Thread"   daemon [_thread_blocked, id=20716, stack(0x000000115ad00000,0x000000115ae00000) (1024K)]
=>0x00000150307de7c0 JavaThread "C2 CompilerThread0"         daemon [_thread_in_native, id=3012, stack(0x000000115ae00000,0x000000115af00000) (1024K)]
  0x00000150307dff20 JavaThread "C1 CompilerThread0"         daemon [_thread_blocked, id=15116, stack(0x000000115af00000,0x000000115b000000) (1024K)]
  0x0000015030a75680 JavaThread "Notification Thread"        daemon [_thread_blocked, id=14936, stack(0x000000115b000000,0x000000115b100000) (1024K)]
  0x0000015030a7e530 JavaThread "Common-Cleaner"             daemon [_thread_blocked, id=6592, stack(0x000000115b100000,0x000000115b200000) (1024K)]
  0x0000015076e2eba0 JavaThread "Thread-1"                   daemon [_thread_blocked, id=5808, stack(0x000000115b200000,0x000000115b300000) (1024K)]
  0x0000015076dd0170 JavaThread "timeout-check-timer"        daemon [_thread_blocked, id=22988, stack(0x000000115b300000,0x000000115b400000) (1024K)]
  0x0000015077d05420 JavaThread "ping-timer-10s"             daemon [_thread_blocked, id=3500, stack(0x000000115bb00000,0x000000115bc00000) (1024K)]
  0x0000015076dce830 JavaThread "ThreadedStreamConsumer"     daemon [_thread_in_native, id=16104, stack(0x000000115bc00000,0x000000115bd00000) (1024K)]
  0x0000015076d1bf60 JavaThread "fork-1-err-thread"          daemon [_thread_in_native, id=22624, stack(0x000000115bd00000,0x000000115be00000) (1024K)]
  0x0000015076d1cbd0 JavaThread "commands-fork-1"            daemon [_thread_blocked, id=20464, stack(0x000000115be00000,0x000000115bf00000) (1024K)]
  0x0000015077818eb0 JavaThread "fork-1-event-thread"        daemon [_thread_blocked, id=7660, stack(0x000000115c000000,0x000000115c100000) (1024K)]
Total: 18

Other Threads:
  0x00000150307b9960 VMThread "VM Thread"                           [id=14780, stack(0x000000115a700000,0x000000115a800000) (1024K)]
  0x00000150307a0730 WatcherThread "VM Periodic Task Thread"        [id=16768, stack(0x000000115a600000,0x000000115a700000) (1024K)]
  0x00000150140c4110 WorkerThread "GC Thread#0"                     [id=1944, stack(0x000000115a100000,0x000000115a200000) (1024K)]
  0x0000015076befd40 WorkerThread "GC Thread#1"                     [id=6324, stack(0x000000115b400000,0x000000115b500000) (1024K)]
  0x0000015076cac520 WorkerThread "GC Thread#2"                     [id=6396, stack(0x000000115b500000,0x000000115b600000) (1024K)]
  0x000001507697d910 WorkerThread "GC Thread#3"                     [id=8272, stack(0x000000115b600000,0x000000115b700000) (1024K)]
  0x000001507697dcc0 WorkerThread "GC Thread#4"                     [id=4624, stack(0x000000115b700000,0x000000115b800000) (1024K)]
  0x000001507697e070 WorkerThread "GC Thread#5"                     [id=22548, stack(0x000000115b800000,0x000000115b900000) (1024K)]
  0x000001507697e420 WorkerThread "GC Thread#6"                     [id=23096, stack(0x000000115b900000,0x000000115ba00000) (1024K)]
  0x000001507697e7d0 WorkerThread "GC Thread#7"                     [id=6304, stack(0x000000115ba00000,0x000000115bb00000) (1024K)]
  0x00000150140d4900 ConcurrentGCThread "G1 Main Marker"            [id=20828, stack(0x000000115a200000,0x000000115a300000) (1024K)]
  0x00000150140d5410 WorkerThread "G1 Conc#0"                       [id=18512, stack(0x000000115a300000,0x000000115a400000) (1024K)]
  0x0000015076773cb0 WorkerThread "G1 Conc#1"                       [id=11712, stack(0x000000115bf00000,0x000000115c000000) (1024K)]
  0x000001501413eb10 ConcurrentGCThread "G1 Refine#0"               [id=13764, stack(0x000000115a400000,0x000000115a500000) (1024K)]
  0x000001503066f880 ConcurrentGCThread "G1 Service"                [id=11792, stack(0x000000115a500000,0x000000115a600000) (1024K)]
Total: 15

Threads with active compile tasks:
C2 CompilerThread0  38579 5445       4       sun.nio.cs.UTF_8::updatePositions (23 bytes)
Total: 1

VM state: not at safepoint (normal execution)

VM Mutex/Monitor currently owned by a thread: None

OutOfMemory and StackOverflow Exception counts:
OutOfMemoryError java_heap_errors=1
LinkageErrors=45

Heap address: 0x0000000084000000, size: 1984 MB, Compressed Oops mode: 32-bit

CDS archive(s) mapped at: [0x0000015031000000-0x0000015031c50000-0x0000015031c50000), size 12910592, SharedBaseAddress: 0x0000015031000000, ArchiveRelocationMode: 1.
Compressed class space mapped at: 0x0000015032000000-0x0000015072000000, reserved size: 1073741824
Narrow klass base: 0x0000015031000000, Narrow klass shift: 0, Narrow klass range: 0x41000000

GC Precious Log:
 CardTable entry size: 512
 Card Set container configuration: InlinePtr #cards 5 size 8 Array Of Cards #cards 12 size 40 Howl #buckets 4 coarsen threshold 1843 Howl Bitmap #cards 512 size 80 coarsen threshold 460 Card regions per heap region 1 cards per card region 2048
 CPUs: 8 total, 8 available
 Memory: 7934M
 Large Page Support: Disabled
 NUMA Support: Disabled
 Compressed Oops: Enabled (32-bit)
 Heap Region Size: 1M
 Heap Min Capacity: 8M
 Heap Initial Capacity: 124M
 Heap Max Capacity: 1984M
 Pre-touch: Disabled
 Parallel Workers: 8
 Concurrent Workers: 2
 Concurrent Refinement Workers: 8
 Periodic GC: Disabled

Heap:
 garbage-first heap   total reserved 2031616K, committed 61440K, used 20717K [0x0000000084000000, 0x0000000100000000)
  region size 1024K, 9 young (9216K), 5 survivors (5120K)
 Metaspace       used 21428K, committed 21760K, reserved 1114112K
  class space    used 2443K, committed 2560K, reserved 1048576K

Heap Regions: E=young(eden), S=young(survivor), O=old, HS=humongous(starts), HC=humongous(continues), CS=collection set, F=free, TAMS=top-at-mark-start, PB=parsable bottom
|   0|0x0000000084000000, 0x0000000084100000, 0x0000000084100000|100%| O|  |TAMS 0x0000000084000000| PB 0x0000000084000000| Untracked |  0
|   1|0x0000000084100000, 0x0000000084200000, 0x0000000084200000|100%| O|  |TAMS 0x0000000084100000| PB 0x0000000084100000| Untracked |  0
|   2|0x0000000084200000, 0x0000000084300000, 0x0000000084300000|100%| O|  |TAMS 0x0000000084200000| PB 0x0000000084200000| Untracked |  0
|   3|0x0000000084300000, 0x0000000084400000, 0x0000000084400000|100%| O|  |TAMS 0x0000000084300000| PB 0x0000000084300000| Untracked |  0
|   4|0x0000000084400000, 0x0000000084400000, 0x0000000084500000|  0%| F|  |TAMS 0x0000000084400000| PB 0x0000000084400000| Untracked |  0
|   5|0x0000000084500000, 0x0000000084500000, 0x0000000084600000|  0%| F|  |TAMS 0x0000000084500000| PB 0x0000000084500000| Untracked |  0
|   6|0x0000000084600000, 0x0000000084600000, 0x0000000084700000|  0%| F|  |TAMS 0x0000000084600000| PB 0x0000000084600000| Untracked |  0
|   7|0x0000000084700000, 0x0000000084700000, 0x0000000084800000|  0%| F|  |TAMS 0x0000000084700000| PB 0x0000000084700000| Untracked |  0
|   8|0x0000000084800000, 0x0000000084800000, 0x0000000084900000|  0%| F|  |TAMS 0x0000000084800000| PB 0x0000000084800000| Untracked |  0
|   9|0x0000000084900000, 0x0000000084900000, 0x0000000084a00000|  0%| F|  |TAMS 0x0000000084900000| PB 0x0000000084900000| Untracked |  0
|  10|0x0000000084a00000, 0x0000000084a00000, 0x0000000084b00000|  0%| F|  |TAMS 0x0000000084a00000| PB 0x0000000084a00000| Untracked |  0
|  11|0x0000000084b00000, 0x0000000084b00000, 0x0000000084c00000|  0%| F|  |TAMS 0x0000000084b00000| PB 0x0000000084b00000| Untracked |  0
|  12|0x0000000084c00000, 0x0000000084c00000, 0x0000000084d00000|  0%| F|  |TAMS 0x0000000084c00000| PB 0x0000000084c00000| Untracked |  0
|  13|0x0000000084d00000, 0x0000000084d00000, 0x0000000084e00000|  0%| F|  |TAMS 0x0000000084d00000| PB 0x0000000084d00000| Untracked |  0
|  14|0x0000000084e00000, 0x0000000084e00000, 0x0000000084f00000|  0%| F|  |TAMS 0x0000000084e00000| PB 0x0000000084e00000| Untracked |  0
|  15|0x0000000084f00000, 0x0000000084f00000, 0x0000000085000000|  0%| F|  |TAMS 0x0000000084f00000| PB 0x0000000084f00000| Untracked |  0
|  16|0x0000000085000000, 0x0000000085000000, 0x0000000085100000|  0%| F|  |TAMS 0x0000000085000000| PB 0x0000000085000000| Untracked |  0
|  17|0x0000000085100000, 0x0000000085100000, 0x0000000085200000|  0%| F|  |TAMS 0x0000000085100000| PB 0x0000000085100000| Untracked |  0
|  18|0x0000000085200000, 0x0000000085200000, 0x0000000085300000|  0%| F|  |TAMS 0x0000000085200000| PB 0x0000000085200000| Untracked |  0
|  19|0x0000000085300000, 0x0000000085300000, 0x0000000085400000|  0%| F|  |TAMS 0x0000000085300000| PB 0x0000000085300000| Untracked |  0
|  20|0x0000000085400000, 0x0000000085400000, 0x0000000085500000|  0%| F|  |TAMS 0x0000000085400000| PB 0x0000000085400000| Untracked |  0
|  21|0x0000000085500000, 0x0000000085500000, 0x0000000085600000|  0%| F|  |TAMS 0x0000000085500000| PB 0x0000000085500000| Untracked |  0
|  22|0x0000000085600000, 0x0000000085600000, 0x0000000085700000|  0%| F|  |TAMS 0x0000000085600000| PB 0x0000000085600000| Untracked |  0
|  23|0x0000000085700000, 0x0000000085700000, 0x0000000085800000|  0%| F|  |TAMS 0x0000000085700000| PB 0x0000000085700000| Untracked |  0
|  24|0x0000000085800000, 0x0000000085800000, 0x0000000085900000|  0%| F|  |TAMS 0x0000000085800000| PB 0x0000000085800000| Untracked |  0
|  25|0x0000000085900000, 0x0000000085900000, 0x0000000085a00000|  0%| F|  |TAMS 0x0000000085900000| PB 0x0000000085900000| Untracked |  0
|  26|0x0000000085a00000, 0x0000000085a00000, 0x0000000085b00000|  0%| F|  |TAMS 0x0000000085a00000| PB 0x0000000085a00000| Untracked |  0
|  27|0x0000000085b00000, 0x0000000085b00000, 0x0000000085c00000|  0%| F|  |TAMS 0x0000000085b00000| PB 0x0000000085b00000| Untracked |  0
|  28|0x0000000085c00000, 0x0000000085c00000, 0x0000000085d00000|  0%| F|  |TAMS 0x0000000085c00000| PB 0x0000000085c00000| Untracked |  0
|  29|0x0000000085d00000, 0x0000000085d00000, 0x0000000085e00000|  0%| F|  |TAMS 0x0000000085d00000| PB 0x0000000085d00000| Untracked |  0
|  30|0x0000000085e00000, 0x0000000085e00000, 0x0000000085f00000|  0%| F|  |TAMS 0x0000000085e00000| PB 0x0000000085e00000| Untracked |  0
|  31|0x0000000085f00000, 0x0000000085f00000, 0x0000000086000000|  0%| F|  |TAMS 0x0000000085f00000| PB 0x0000000085f00000| Untracked |  0
|  32|0x0000000086000000, 0x0000000086000000, 0x0000000086100000|  0%| F|  |TAMS 0x0000000086000000| PB 0x0000000086000000| Untracked |  0
|  33|0x0000000086100000, 0x0000000086100000, 0x0000000086200000|  0%| F|  |TAMS 0x0000000086100000| PB 0x0000000086100000| Untracked |  0
|  34|0x0000000086200000, 0x0000000086200000, 0x0000000086300000|  0%| F|  |TAMS 0x0000000086200000| PB 0x0000000086200000| Untracked |  0
|  35|0x0000000086300000, 0x0000000086300000, 0x0000000086400000|  0%| F|  |TAMS 0x0000000086300000| PB 0x0000000086300000| Untracked |  0
|  36|0x0000000086400000, 0x0000000086500000, 0x0000000086500000|100%| O|  |TAMS 0x0000000086400000| PB 0x0000000086400000| Untracked |  0
|  37|0x0000000086500000, 0x0000000086600000, 0x0000000086600000|100%| O|  |TAMS 0x0000000086500000| PB 0x0000000086500000| Untracked |  0
|  38|0x0000000086600000, 0x0000000086700000, 0x0000000086700000|100%| O|  |TAMS 0x0000000086600000| PB 0x0000000086600000| Untracked |  0
|  39|0x0000000086700000, 0x0000000086800000, 0x0000000086800000|100%| O|  |TAMS 0x0000000086700000| PB 0x0000000086700000| Untracked |  0
|  40|0x0000000086800000, 0x0000000086800000, 0x0000000086900000|  0%| F|  |TAMS 0x0000000086800000| PB 0x0000000086800000| Untracked |  0
|  41|0x0000000086900000, 0x0000000086900000, 0x0000000086a00000|  0%| F|  |TAMS 0x0000000086900000| PB 0x0000000086900000| Untracked |  0
|  42|0x0000000086a00000, 0x0000000086a00000, 0x0000000086b00000|  0%| F|  |TAMS 0x0000000086a00000| PB 0x0000000086a00000| Untracked |  0
|  43|0x0000000086b00000, 0x0000000086b00000, 0x0000000086c00000|  0%| F|  |TAMS 0x0000000086b00000| PB 0x0000000086b00000| Untracked |  0
|  44|0x0000000086c00000, 0x0000000086c00000, 0x0000000086d00000|  0%| F|  |TAMS 0x0000000086c00000| PB 0x0000000086c00000| Untracked |  0
|  45|0x0000000086d00000, 0x0000000086d00000, 0x0000000086e00000|  0%| F|  |TAMS 0x0000000086d00000| PB 0x0000000086d00000| Untracked |  0
|  46|0x0000000086e00000, 0x0000000086e7e1a8, 0x0000000086f00000| 49%| E|  |TAMS 0x0000000086e00000| PB 0x0000000086e00000| Complete |  0
|  50|0x0000000087200000, 0x0000000087300000, 0x0000000087300000|100%| O|  |TAMS 0x0000000087200000| PB 0x0000000087200000| Untracked |  0
|  51|0x0000000087300000, 0x0000000087400000, 0x0000000087400000|100%| O|  |TAMS 0x0000000087300000| PB 0x0000000087300000| Untracked |  0
|  52|0x0000000087400000, 0x0000000087500000, 0x0000000087500000|100%| O|  |TAMS 0x0000000087400000| PB 0x0000000087400000| Untracked |  0
|  53|0x0000000087500000, 0x0000000087600000, 0x0000000087600000|100%| O|  |TAMS 0x0000000087500000| PB 0x0000000087500000| Untracked |  0
|  54|0x0000000087600000, 0x00000000876d1c00, 0x0000000087700000| 81%| O|Cm|TAMS 0x0000000087600000| PB 0x0000000087600000| Complete |  0
|  94|0x0000000089e00000, 0x0000000089e69b90, 0x0000000089f00000| 41%| S|CS|TAMS 0x0000000089e00000| PB 0x0000000089e00000| Complete |  0
|  95|0x0000000089f00000, 0x000000008a000000, 0x000000008a000000|100%| S|CS|TAMS 0x0000000089f00000| PB 0x0000000089f00000| Complete |  0
|  96|0x000000008a000000, 0x000000008a100000, 0x000000008a100000|100%| S|CS|TAMS 0x000000008a000000| PB 0x000000008a000000| Complete |  0
|  97|0x000000008a100000, 0x000000008a200000, 0x000000008a200000|100%| S|CS|TAMS 0x000000008a100000| PB 0x000000008a100000| Complete |  0
|  98|0x000000008a200000, 0x000000008a300000, 0x000000008a300000|100%| S|CS|TAMS 0x000000008a200000| PB 0x000000008a200000| Complete |  0
| 121|0x000000008b900000, 0x000000008ba00000, 0x000000008ba00000|100%| E|CS|TAMS 0x000000008b900000| PB 0x000000008b900000| Complete |  0
| 122|0x000000008ba00000, 0x000000008bb00000, 0x000000008bb00000|100%| E|CS|TAMS 0x000000008ba00000| PB 0x000000008ba00000| Complete |  0
| 123|0x000000008bb00000, 0x000000008bc00000, 0x000000008bc00000|100%| E|CS|TAMS 0x000000008bb00000| PB 0x000000008bb00000| Complete |  0

Card table byte_map: [0x000001502bad0000,0x000001502beb0000] _byte_map_base: 0x000001502b6b0000

Marking Bits: (CMBitMap*) 0x00000150140c4820
 Bits: [0x000001502beb0000, 0x000001502ddb0000)

Polling page: 0x0000015013840000

Metaspace:

Usage:
  Non-class:     18.54 MB used.
      Class:      2.39 MB used.
       Both:     20.93 MB used.

Virtual space:
  Non-class space:       64.00 MB reserved,      18.75 MB ( 29%) committed,  1 nodes.
      Class space:        1.00 GB reserved,       2.50 MB ( <1%) committed,  1 nodes.
             Both:        1.06 GB reserved,      21.25 MB (  2%) committed. 

Chunk freelists:
   Non-Class:  12.34 MB
       Class:  13.45 MB
        Both:  25.80 MB

MaxMetaspaceSize: unlimited
CompressedClassSpaceSize: 1.00 GB
Initial GC threshold: 21.00 MB
Current GC threshold: 35.31 MB
CDS: on
 - commit_granule_bytes: 65536.
 - commit_granule_words: 8192.
 - virtual_space_node_default_size: 8388608.
 - enlarge_chunks_in_place: 1.
 - use_allocation_guard: 0.


Internal statistics:

num_allocs_failed_limit: 3.
num_arena_births: 222.
num_arena_deaths: 0.
num_vsnodes_births: 2.
num_vsnodes_deaths: 0.
num_space_committed: 340.
num_space_uncommitted: 0.
num_chunks_returned_to_freelist: 3.
num_chunks_taken_from_freelist: 958.
num_chunk_merges: 3.
num_chunk_splits: 660.
num_chunks_enlarged: 524.
num_inconsistent_stats: 0.

CodeHeap 'non-profiled nmethods': size=120000Kb used=2975Kb max_used=2975Kb free=117024Kb
 bounds [0x0000015023e90000, 0x0000015024180000, 0x000001502b3c0000]
CodeHeap 'profiled nmethods': size=120000Kb used=11577Kb max_used=11577Kb free=108422Kb
 bounds [0x000001501c3c0000, 0x000001501cf10000, 0x00000150238f0000]
CodeHeap 'non-nmethods': size=5760Kb used=1645Kb max_used=1696Kb free=4114Kb
 bounds [0x00000150238f0000, 0x0000015023b60000, 0x0000015023e90000]
 total_blobs=6008 nmethods=5448 adapters=464
 compilation: enabled
              stopped_count=0, restarted_count=0
 full_count=0

Compilation events (20 events):
Event: 26.710 Thread 0x00000150307dff20 5436       1       org.apache.maven.surefire.api.stream.AbstractStreamDecoder$Memento::access$000 (5 bytes)
Event: 26.710 Thread 0x00000150307dff20 nmethod 5436 0x0000015024176a90 code [0x0000015024176c20, 0x0000015024176cd0]
Event: 26.710 Thread 0x00000150307dff20 5437       1       java.nio.HeapByteBuffer::isReadOnly (2 bytes)
Event: 26.710 Thread 0x00000150307dff20 nmethod 5437 0x0000015024176d90 code [0x0000015024176f20, 0x0000015024176fe8]
Event: 29.034 Thread 0x00000150307de7c0 5438       4       jdk.internal.misc.Unsafe::weakCompareAndSetInt (11 bytes)
Event: 29.036 Thread 0x00000150307de7c0 nmethod 5438 0x0000015024177090 code [0x0000015024177200, 0x0000015024177298]
Event: 32.720 Thread 0x00000150307dff20 5439       1       org.apache.maven.surefire.api.util.internal.AbstractNoninterruptibleReadableChannel::isOpen (5 bytes)
Event: 32.721 Thread 0x00000150307dff20 nmethod 5439 0x0000015024177390 code [0x0000015024177520, 0x00000150241775f0]
Event: 32.721 Thread 0x00000150307dff20 5440       3       java.lang.String::encodeUTF8 (141 bytes)
Event: 32.722 Thread 0x00000150307dff20 nmethod 5440 0x000001501cf02c10 code [0x000001501cf02e40, 0x000001501cf03520]
Event: 34.720 Thread 0x00000150307dff20 5441       3       java.io.PrintStream::implWrite (50 bytes)
Event: 34.721 Thread 0x00000150307dff20 nmethod 5441 0x000001501cf03810 code [0x000001501cf03a60, 0x000001501cf04278]
Event: 36.000 Thread 0x00000150307dff20 5442       3       java.util.concurrent.ThreadPoolExecutor::runStateAtLeast (11 bytes)
Event: 36.000 Thread 0x00000150307dff20 nmethod 5442 0x000001501cf04610 code [0x000001501cf047a0, 0x000001501cf048e0]
Event: 38.387 Thread 0x00000150307de7c0 5443       4       sun.nio.cs.UTF_8$Decoder::decodeLoop (28 bytes)
Event: 38.387 Thread 0x00000150307dff20 5444   !   3       java.nio.charset.CharsetDecoder::decode (275 bytes)
Event: 38.389 Thread 0x00000150307de7c0 nmethod 5443 0x0000015024177690 code [0x0000015024177840, 0x00000150241779c0]
Event: 38.389 Thread 0x00000150307de7c0 5445       4       sun.nio.cs.UTF_8::updatePositions (23 bytes)
Event: 38.389 Thread 0x00000150307dff20 nmethod 5444 0x000001501cf04990 code [0x000001501cf04cc0, 0x000001501cf060d0]
Event: 38.389 Thread 0x00000150307dff20 5446       3       sun.nio.cs.UTF_8$Decoder::decodeArrayLoop (688 bytes)

GC Heap History (10 events):
Event: 4.118 GC heap before
{Heap before GC invocations=0 (full 0):
 garbage-first heap   total reserved 2031616K, committed 126976K, used 23552K [0x0000000084000000, 0x0000000100000000)
  region size 1024K, 24 young (24576K), 0 survivors (0K)
 Metaspace       used 5683K, committed 5824K, reserved 1114112K
  class space    used 677K, committed 768K, reserved 1048576K
}
Event: 4.228 GC heap after
{Heap after GC invocations=1 (full 0):
 garbage-first heap   total reserved 2031616K, committed 126976K, used 3784K [0x0000000084000000, 0x0000000100000000)
  region size 1024K, 3 young (3072K), 3 survivors (3072K)
 Metaspace       used 5683K, committed 5824K, reserved 1114112K
  class space    used 677K, committed 768K, reserved 1048576K
}
Event: 5.874 GC heap before
{Heap before GC invocations=1 (full 0):
 garbage-first heap   total reserved 2031616K, committed 126976K, used 36552K [0x0000000084000000, 0x0000000100000000)
  region size 1024K, 35 young (35840K), 3 survivors (3072K)
 Metaspace       used 10153K, committed 10304K, reserved 1114112K
  class space    used 1238K, committed 1344K, reserved 1048576K
}
Event: 5.891 GC heap after
{Heap after GC invocations=2 (full 0):
 garbage-first heap   total reserved 2031616K, committed 126976K, used 5953K [0x0000000084000000, 0x0000000100000000)
  region size 1024K, 2 young (2048K), 2 survivors (2048K)
 Metaspace       used 10153K, committed 10304K, reserved 1114112K
  class space    used 1238K, committed 1344K, reserved 1048576K
}
Event: 9.839 GC heap before
{Heap before GC invocations=2 (full 0):
 garbage-first heap   total reserved 2031616K, committed 126976K, used 79681K [0x0000000084000000, 0x0000000100000000)
  region size 1024K, 74 young (75776K), 2 survivors (2048K)
 Metaspace       used 15724K, committed 16000K, reserved 1114112K
  class space    used 1880K, committed 1984K, reserved 1048576K
}
Event: 9.865 GC heap after
{Heap after GC invocations=3 (full 0):
 garbage-first heap   total reserved 2031616K, committed 126976K, used 14145K [0x0000000084000000, 0x0000000100000000)
  region size 1024K, 10 young (10240K), 10 survivors (10240K)
 Metaspace       used 15724K, committed 16000K, reserved 1114112K
  class space    used 1880K, committed 1984K, reserved 1048576K
}
Event: 14.210 GC heap before
{Heap before GC invocations=3 (full 0):
 garbage-first heap   total reserved 2031616K, committed 126976K, used 112449K [0x0000000084000000, 0x0000000100000000)
  region size 1024K, 74 young (75776K), 10 survivors (10240K)
 Metaspace       used 18289K, committed 18560K, reserved 1114112K
  class space    used 2104K, committed 2240K, reserved 1048576K
}
Event: 14.235 GC heap after
{Heap after GC invocations=4 (full 0):
 garbage-first heap   total reserved 2031616K, committed 126976K, used 16711K [0x0000000084000000, 0x0000000100000000)
  region size 1024K, 4 young (4096K), 4 survivors (4096K)
 Metaspace       used 18289K, committed 18560K, reserved 1114112K
  class space    used 2104K, committed 2240K, reserved 1048576K
}
Event: 16.906 GC heap before
{Heap before GC invocations=4 (full 0):
 garbage-first heap   total reserved 2031616K, committed 126976K, used 41287K [0x0000000084000000, 0x0000000100000000)
  region size 1024K, 29 young (29696K), 4 survivors (4096K)
 Metaspace       used 21178K, committed 21504K, reserved 1114112K
  class space    used 2408K, committed 2560K, reserved 1048576K
}
Event: 16.916 GC heap after
{Heap after GC invocations=5 (full 0):
 garbage-first heap   total reserved 2031616K, committed 126976K, used 17645K [0x0000000084000000, 0x0000000100000000)
  region size 1024K, 5 young (5120K), 5 survivors (5120K)
 Metaspace       used 21178K, committed 21504K, reserved 1114112K
  class space    used 2408K, committed 2560K, reserved 1048576K
}

Dll operation events (8 events):
Event: 0.017 Loaded shared library C:\Users\Admin\.jdks\openjdk-22.0.1\bin\java.dll
Event: 0.123 Loaded shared library C:\Users\Admin\.jdks\openjdk-22.0.1\bin\jsvml.dll
Event: 0.321 Loaded shared library C:\Users\Admin\.jdks\openjdk-22.0.1\bin\net.dll
Event: 0.330 Loaded shared library C:\Users\Admin\.jdks\openjdk-22.0.1\bin\nio.dll
Event: 0.336 Loaded shared library C:\Users\Admin\.jdks\openjdk-22.0.1\bin\zip.dll
Event: 0.763 Loaded shared library C:\Users\Admin\.jdks\openjdk-22.0.1\bin\jimage.dll
Event: 2.743 Loaded shared library C:\Users\Admin\AppData\Local\Temp\jansi-2.4.1-6562e2768b45b855-jansi.dll
Event: 2.766 Loaded shared library C:\Users\Admin\.jdks\openjdk-22.0.1\bin\verify.dll

Deoptimization events (20 events):
Event: 16.942 Thread 0x0000015076d1cbd0 DEOPT PACKING pc=0x0000015024118470 sp=0x000000115befe000
Event: 16.942 Thread 0x0000015076d1cbd0 DEOPT UNPACKING pc=0x0000015023947da2 sp=0x000000115befdee0 mode 2
Event: 16.943 Thread 0x0000015076d1cbd0 Uncommon trap: trap_request=0xffffffde fr.pc=0x000001502400d208 relative=0x00000000000000e8
Event: 16.943 Thread 0x0000015076d1cbd0 Uncommon trap: reason=class_check action=maybe_recompile pc=0x000001502400d208 method=jdk.internal.misc.Blocker.begin()J @ 11 c2
Event: 16.943 Thread 0x0000015076d1cbd0 DEOPT PACKING pc=0x000001502400d208 sp=0x000000115befe120
Event: 16.943 Thread 0x0000015076d1cbd0 DEOPT UNPACKING pc=0x0000015023947da2 sp=0x000000115befe000 mode 2
Event: 16.943 Thread 0x0000015076d1cbd0 Uncommon trap: trap_request=0xffffffde fr.pc=0x0000015024118470 relative=0x00000000000000d0
Event: 16.943 Thread 0x0000015076d1cbd0 Uncommon trap: reason=class_check action=maybe_recompile pc=0x0000015024118470 method=jdk.internal.misc.Blocker.begin()J @ 11 c2
Event: 16.943 Thread 0x0000015076d1cbd0 DEOPT PACKING pc=0x0000015024118470 sp=0x000000115befe110
Event: 16.943 Thread 0x0000015076d1cbd0 DEOPT UNPACKING pc=0x0000015023947da2 sp=0x000000115befdff0 mode 2
Event: 16.944 Thread 0x0000015076d1cbd0 Uncommon trap: trap_request=0xffffffde fr.pc=0x00000150241429a0 relative=0x0000000000003060
Event: 16.944 Thread 0x0000015076d1cbd0 Uncommon trap: reason=class_check action=maybe_recompile pc=0x00000150241429a0 method=jdk.internal.misc.Blocker.begin()J @ 11 c2
Event: 16.944 Thread 0x0000015076d1cbd0 DEOPT PACKING pc=0x00000150241429a0 sp=0x000000115befc920
Event: 16.944 Thread 0x0000015076d1cbd0 DEOPT UNPACKING pc=0x0000015023947da2 sp=0x000000115befc620 mode 2
Event: 16.944 Thread 0x0000015076d1cbd0 Uncommon trap: trap_request=0xffffffde fr.pc=0x0000015023f264a4 relative=0x0000000000000084
Event: 16.944 Thread 0x0000015076d1cbd0 Uncommon trap: reason=class_check action=maybe_recompile pc=0x0000015023f264a4 method=jdk.internal.misc.Blocker.begin()J @ 11 c2
Event: 16.944 Thread 0x0000015076d1cbd0 DEOPT PACKING pc=0x0000015023f264a4 sp=0x000000115befc5f0
Event: 16.944 Thread 0x0000015076d1cbd0 DEOPT UNPACKING pc=0x0000015023947da2 sp=0x000000115befc548 mode 2
Event: 25.733 Thread 0x0000015076dce830 DEOPT PACKING pc=0x000001501ca8321e sp=0x000000115bcfe740
Event: 25.733 Thread 0x0000015076dce830 DEOPT UNPACKING pc=0x00000150239488e2 sp=0x000000115bcfdc30 mode 0

Classes loaded (20 events):
Event: 16.644 Loading class jdk/internal/logger/LoggerFinderLoader
Event: 16.644 Loading class jdk/internal/logger/LoggerFinderLoader done
Event: 16.645 Loading class jdk/internal/logger/LoggerFinderLoader$TemporaryLoggerFinder
Event: 16.645 Loading class jdk/internal/logger/LoggerFinderLoader$TemporaryLoggerFinder done
Event: 16.645 Loading class sun/util/logging/internal/LoggingProviderImpl$JULWrapper
Event: 16.646 Loading class sun/util/logging/PlatformLogger$ConfigurableBridge$LoggerConfiguration
Event: 16.646 Loading class sun/util/logging/PlatformLogger$ConfigurableBridge$LoggerConfiguration done
Event: 16.646 Loading class sun/util/logging/internal/LoggingProviderImpl$JULWrapper done
Event: 16.646 Loading class java/lang/System$Logger$Level
Event: 16.646 Loading class java/lang/System$Logger$Level done
Event: 16.647 Loading class java/nio/channels/ClosedChannelException
Event: 16.647 Loading class java/nio/channels/ClosedChannelException done
Event: 16.650 Loading class java/nio/channels/NonReadableChannelException
Event: 16.650 Loading class java/nio/channels/NonReadableChannelException done
Event: 16.650 Loading class java/nio/channels/NonWritableChannelException
Event: 16.651 Loading class java/nio/channels/NonWritableChannelException done
Event: 16.916 Loading class java/util/Scanner
Event: 16.918 Loading class java/util/Scanner done
Event: 16.921 Loading class java/util/Scanner$PatternLRUCache
Event: 16.921 Loading class java/util/Scanner$PatternLRUCache done

Classes unloaded (0 events):
No events

Classes redefined (0 events):
No events

Internal exceptions (20 events):
Event: 8.123 Thread 0x0000015011e196a0 Exception <a 'java/lang/NoSuchMethodError'{0x000000008a34fd28}: 'void java.lang.invoke.DirectMethodHandle$Holder.invokeSpecial(java.lang.Object, java.lang.Object, java.lang.Object, int)'> (0x000000008a34fd28) 
thrown [s\open\src\hotspot\share\interpreter\linkResolver.cpp, line 774]
Event: 8.124 Thread 0x0000015011e196a0 Exception <a 'java/lang/NoSuchMethodError'{0x000000008a3533f8}: 'void java.lang.invoke.DelegatingMethodHandle$Holder.reinvoke_L(java.lang.Object, java.lang.Object, int)'> (0x000000008a3533f8) 
thrown [s\open\src\hotspot\share\interpreter\linkResolver.cpp, line 774]
Event: 9.199 Thread 0x0000015011e196a0 Exception <a 'java/lang/NoSuchMethodError'{0x00000000883cf740}: 'int java.lang.invoke.DirectMethodHandle$Holder.invokeSpecialIFC(java.lang.Object, java.lang.Object, java.lang.Object, java.lang.Object)'> (0x00000000883cf740) 
thrown [s\open\src\hotspot\share\interpreter\linkResolver.cpp, line 774]
Event: 11.047 Thread 0x0000015011e196a0 Implicit null exception at 0x000001502408c698 to 0x000001502408c860
Event: 11.047 Thread 0x0000015011e196a0 Implicit null exception at 0x0000015024073498 to 0x0000015024073664
Event: 11.047 Thread 0x0000015011e196a0 Implicit null exception at 0x0000015023f2503d to 0x0000015023f250bd
Event: 11.582 Thread 0x0000015011e196a0 Exception <a 'java/lang/NoSuchMethodError'{0x0000000089fa4518}: 'java.lang.Object java.lang.invoke.DirectMethodHandle$Holder.newInvokeSpecial(java.lang.Object, java.lang.Object, java.lang.Object, java.lang.Object, java.lang.Object, java.lang.Object, java.lang.Object)'> (0x0000000089fa4518) 
thrown [s\open\src\hotspot\share\interpreter\linkResolver.cpp, line 774]
Event: 11.935 Thread 0x0000015011e196a0 Implicit null exception at 0x000001502407155f to 0x0000015024071d34
Event: 11.954 Thread 0x0000015011e196a0 Exception <a 'java/lang/NoSuchMethodError'{0x0000000089566ee8}: 'int java.lang.invoke.DirectMethodHandle$Holder.invokeVirtual(java.lang.Object, java.lang.Object)'> (0x0000000089566ee8) 
thrown [s\open\src\hotspot\share\interpreter\linkResolver.cpp, line 774]
Event: 12.006 Thread 0x0000015011e196a0 Implicit null exception at 0x000001502404d369 to 0x000001502404db2a
Event: 12.048 Thread 0x0000015011e196a0 Exception <a 'java/lang/NoSuchMethodError'{0x00000000894ddac8}: 'void java.lang.invoke.Invokers$Holder.invokeExact_MT(java.lang.Object, java.lang.Object, int, java.lang.Object)'> (0x00000000894ddac8) 
thrown [s\open\src\hotspot\share\interpreter\linkResolver.cpp, line 774]
Event: 14.848 Thread 0x00000150764845c0 Exception <a 'java/lang/NoSuchMethodError'{0x000000008b010d60}: 'java.lang.Object java.lang.invoke.DirectMethodHandle$Holder.invokeStatic(java.lang.Object, long, java.lang.Object)'> (0x000000008b010d60) 
thrown [s\open\src\hotspot\share\interpreter\linkResolver.cpp, line 774]
Event: 14.848 Thread 0x00000150764845c0 Exception <a 'java/lang/NoSuchMethodError'{0x000000008b014238}: 'java.lang.Object java.lang.invoke.DirectMethodHandle$Holder.invokeStaticInit(java.lang.Object, long, java.lang.Object)'> (0x000000008b014238) 
thrown [s\open\src\hotspot\share\interpreter\linkResolver.cpp, line 774]
Event: 14.859 Thread 0x00000150764845c0 Exception <a 'java/lang/NoSuchMethodError'{0x000000008b019660}: 'java.lang.Object java.lang.invoke.DirectMethodHandle$Holder.newInvokeSpecial(java.lang.Object, long)'> (0x000000008b019660) 
thrown [s\open\src\hotspot\share\interpreter\linkResolver.cpp, line 774]
Event: 14.861 Thread 0x00000150764845c0 Exception <a 'java/lang/NoSuchMethodError'{0x000000008b01de28}: 'long java.lang.invoke.DirectMethodHandle$Holder.invokeInterface(java.lang.Object, java.lang.Object)'> (0x000000008b01de28) 
thrown [s\open\src\hotspot\share\interpreter\linkResolver.cpp, line 774]
Event: 14.861 Thread 0x00000150764845c0 Exception <a 'java/lang/NoSuchMethodError'{0x000000008b0212e0}: 'long java.lang.invoke.DelegatingMethodHandle$Holder.reinvoke_L(java.lang.Object, java.lang.Object)'> (0x000000008b0212e0) 
thrown [s\open\src\hotspot\share\interpreter\linkResolver.cpp, line 774]
Event: 14.889 Thread 0x0000015011e196a0 Exception <a 'java/lang/NoSuchMethodError'{0x000000008b0d2318}: 'int java.lang.invoke.DirectMethodHandle$Holder.invokeInterface(java.lang.Object, java.lang.Object)'> (0x000000008b0d2318) 
thrown [s\open\src\hotspot\share\interpreter\linkResolver.cpp, line 774]
Event: 14.922 Thread 0x0000015011e196a0 Exception <a 'java/lang/NoSuchMethodError'{0x000000008af2e290}: 'java.lang.Object java.lang.invoke.DirectMethodHandle$Holder.invokeStaticInit(java.lang.Object, java.lang.Object, int, int, int, int)'> (0x000000008af2e290) 
thrown [s\open\src\hotspot\share\interpreter\linkResolver.cpp, line 774]
Event: 15.381 Thread 0x0000015011e196a0 Exception <a 'java/lang/NoSuchMethodError'{0x000000008a9df5c0}: 'java.lang.Object java.lang.invoke.DirectMethodHandle$Holder.invokeStatic(java.lang.Object, int, java.lang.Object)'> (0x000000008a9df5c0) 
thrown [s\open\src\hotspot\share\interpreter\linkResolver.cpp, line 774]
Event: 16.637 Thread 0x0000015011e196a0 Exception <a 'java/lang/NoSuchMethodError'{0x000000008a5d4ce0}: 'void java.lang.invoke.DirectMethodHandle$Holder.invokeStatic(java.lang.Object, long)'> (0x000000008a5d4ce0) 
thrown [s\open\src\hotspot\share\interpreter\linkResolver.cpp, line 774]

ZGC Phase Switch (0 events):
No events

VM Operations (20 events):
Event: 15.829 Executing VM operation: HandshakeAllThreads (Deoptimize)
Event: 15.829 Executing VM operation: HandshakeAllThreads (Deoptimize) done
Event: 15.830 Executing VM operation: HandshakeAllThreads (Deoptimize)
Event: 15.830 Executing VM operation: HandshakeAllThreads (Deoptimize) done
Event: 15.904 Executing VM operation: HandshakeAllThreads (Deoptimize)
Event: 15.904 Executing VM operation: HandshakeAllThreads (Deoptimize) done
Event: 16.641 Executing VM operation: HandshakeAllThreads (Deoptimize)
Event: 16.641 Executing VM operation: HandshakeAllThreads (Deoptimize) done
Event: 16.679 Executing VM operation: CollectForMetadataAllocation (Metadata GC Threshold)
Event: 16.916 Executing VM operation: CollectForMetadataAllocation (Metadata GC Threshold) done
Event: 17.380 Executing VM operation: G1PauseRemark
Event: 17.389 Executing VM operation: G1PauseRemark done
Event: 17.395 Executing VM operation: G1PauseCleanup
Event: 17.399 Executing VM operation: G1PauseCleanup done
Event: 23.473 Executing VM operation: Cleanup
Event: 23.473 Executing VM operation: Cleanup done
Event: 24.481 Executing VM operation: Cleanup
Event: 24.481 Executing VM operation: Cleanup done
Event: 26.493 Executing VM operation: Cleanup
Event: 26.493 Executing VM operation: Cleanup done

Events (20 events):
Event: 0.115 Thread 0x00000150307dd940 Thread added: 0x00000150307dd940
Event: 0.115 Thread 0x00000150307de7c0 Thread added: 0x00000150307de7c0
Event: 0.119 Thread 0x00000150307dff20 Thread added: 0x00000150307dff20
Event: 0.265 Thread 0x0000015030a75680 Thread added: 0x0000015030a75680
Event: 0.272 Thread 0x0000015030a7e530 Thread added: 0x0000015030a7e530
Event: 0.748 Thread 0x0000015030c8c200 Thread added: 0x0000015030c8c200
Event: 3.929 Thread 0x0000015076955350 Thread added: 0x0000015076955350
Event: 5.801 Thread 0x0000015076955350 Thread exited: 0x0000015076955350
Event: 6.241 Thread 0x0000015030c8c200 Thread exited: 0x0000015030c8c200
Event: 7.379 Thread 0x0000015076e2eba0 Thread added: 0x0000015076e2eba0
Event: 7.731 Thread 0x0000015076101b20 Thread added: 0x0000015076101b20
Event: 13.066 Thread 0x0000015076101b20 Thread exited: 0x0000015076101b20
Event: 14.641 Thread 0x00000150764845c0 Thread added: 0x00000150764845c0
Event: 14.864 Thread 0x00000150764845c0 Thread exited: 0x00000150764845c0
Event: 15.181 Thread 0x0000015076dd0170 Thread added: 0x0000015076dd0170
Event: 15.298 Thread 0x0000015077d05420 Thread added: 0x0000015077d05420
Event: 15.906 Thread 0x0000015076dce830 Thread added: 0x0000015076dce830
Event: 16.670 Thread 0x0000015076d1bf60 Thread added: 0x0000015076d1bf60
Event: 16.671 Thread 0x0000015076d1cbd0 Thread added: 0x0000015076d1cbd0
Event: 16.929 Thread 0x0000015077818eb0 Thread added: 0x0000015077818eb0


Dynamic libraries:
0x00007ff7cf9b0000 - 0x00007ff7cf9be000 	C:\Users\Admin\.jdks\openjdk-22.0.1\bin\java.exe
0x00007ffe6a8d0000 - 0x00007ffe6aac8000 	C:\Windows\SYSTEM32\ntdll.dll
0x00007ffe6a760000 - 0x00007ffe6a822000 	C:\Windows\System32\KERNEL32.DLL
0x00007ffe680f0000 - 0x00007ffe683ef000 	C:\Windows\System32\KERNELBASE.dll
0x00007ffe67fa0000 - 0x00007ffe680a0000 	C:\Windows\System32\ucrtbase.dll
0x00007ffe5d280000 - 0x00007ffe5d297000 	C:\Users\Admin\.jdks\openjdk-22.0.1\bin\jli.dll
0x00007ffe69c40000 - 0x00007ffe69ddd000 	C:\Windows\System32\USER32.dll
0x00007ffe67f70000 - 0x00007ffe67f92000 	C:\Windows\System32\win32u.dll
0x00007ffe69170000 - 0x00007ffe6919b000 	C:\Windows\System32\GDI32.dll
0x00007ffe684b0000 - 0x00007ffe685ca000 	C:\Windows\System32\gdi32full.dll
0x00007ffe68850000 - 0x00007ffe688ed000 	C:\Windows\System32\msvcp_win.dll
0x00007ffe5c9f0000 - 0x00007ffe5ca0b000 	C:\Users\Admin\.jdks\openjdk-22.0.1\bin\VCRUNTIME140.dll
0x00007ffe54f50000 - 0x00007ffe551ea000 	C:\Windows\WinSxS\amd64_microsoft.windows.common-controls_6595b64144ccf1df_6.0.19041.4355_none_60b8b9eb71f62e16\COMCTL32.dll
0x00007ffe6a630000 - 0x00007ffe6a6ce000 	C:\Windows\System32\msvcrt.dll
0x00007ffe6a2f0000 - 0x00007ffe6a31f000 	C:\Windows\System32\IMM32.DLL
0x00007ffe5d420000 - 0x00007ffe5d42c000 	C:\Users\Admin\.jdks\openjdk-22.0.1\bin\vcruntime140_1.dll
0x00007ffe3a160000 - 0x00007ffe3a1ee000 	C:\Users\Admin\.jdks\openjdk-22.0.1\bin\msvcp140.dll
0x00007ffe1ea30000 - 0x00007ffe1f777000 	C:\Users\Admin\.jdks\openjdk-22.0.1\bin\server\jvm.dll
0x00007ffe690c0000 - 0x00007ffe6916f000 	C:\Windows\System32\ADVAPI32.dll
0x00007ffe69290000 - 0x00007ffe6932f000 	C:\Windows\System32\sechost.dll
0x00007ffe69390000 - 0x00007ffe694b3000 	C:\Windows\System32\RPCRT4.dll
0x00007ffe683f0000 - 0x00007ffe68417000 	C:\Windows\System32\bcrypt.dll
0x00007ffe69ab0000 - 0x00007ffe69b1b000 	C:\Windows\System32\WS2_32.dll
0x00007ffe67dd0000 - 0x00007ffe67e1b000 	C:\Windows\SYSTEM32\POWRPROF.dll
0x00007ffe61710000 - 0x00007ffe6171a000 	C:\Windows\SYSTEM32\VERSION.dll
0x00007ffe52830000 - 0x00007ffe52857000 	C:\Windows\SYSTEM32\WINMM.dll
0x00007ffe67db0000 - 0x00007ffe67dc2000 	C:\Windows\SYSTEM32\UMPDC.dll
0x00007ffe66750000 - 0x00007ffe66762000 	C:\Windows\SYSTEM32\kernel.appcore.dll
0x00007ffe5d270000 - 0x00007ffe5d27a000 	C:\Users\Admin\.jdks\openjdk-22.0.1\bin\jimage.dll
0x00007ffe65b20000 - 0x00007ffe65d04000 	C:\Windows\SYSTEM32\DBGHELP.DLL
0x00007ffe50210000 - 0x00007ffe50244000 	C:\Windows\SYSTEM32\dbgcore.DLL
0x00007ffe68420000 - 0x00007ffe684a2000 	C:\Windows\System32\bcryptPrimitives.dll
0x00007ffe5acb0000 - 0x00007ffe5acce000 	C:\Users\Admin\.jdks\openjdk-22.0.1\bin\java.dll
0x00007ffe68950000 - 0x00007ffe690bd000 	C:\Windows\System32\SHELL32.dll
0x00007ffe694d0000 - 0x00007ffe695fb000 	C:\Windows\System32\ole32.dll
0x00007ffe69de0000 - 0x00007ffe6a135000 	C:\Windows\System32\combase.dll
0x00007ffe65f90000 - 0x00007ffe66734000 	C:\Windows\SYSTEM32\windows.storage.dll
0x00007ffe677f0000 - 0x00007ffe6781b000 	C:\Windows\SYSTEM32\Wldp.dll
0x00007ffe6a450000 - 0x00007ffe6a51d000 	C:\Windows\System32\OLEAUT32.dll
0x00007ffe6a3a0000 - 0x00007ffe6a44d000 	C:\Windows\System32\SHCORE.dll
0x00007ffe688f0000 - 0x00007ffe68945000 	C:\Windows\System32\shlwapi.dll
0x00007ffe67ea0000 - 0x00007ffe67ec5000 	C:\Windows\SYSTEM32\profapi.dll
0x00007ffe3a080000 - 0x00007ffe3a157000 	C:\Users\Admin\.jdks\openjdk-22.0.1\bin\jsvml.dll
0x00007ffe5a3d0000 - 0x00007ffe5a3e0000 	C:\Users\Admin\.jdks\openjdk-22.0.1\bin\net.dll
0x00007ffe675d0000 - 0x00007ffe6763c000 	C:\Windows\system32\mswsock.dll
0x00007ffe55bf0000 - 0x00007ffe55c06000 	C:\Users\Admin\.jdks\openjdk-22.0.1\bin\nio.dll
0x00007ffe594f0000 - 0x00007ffe59507000 	C:\Users\Admin\.jdks\openjdk-22.0.1\bin\zip.dll
0x00007ffe33380000 - 0x00007ffe333a4000 	C:\Users\Admin\AppData\Local\Temp\jansi-2.4.1-6562e2768b45b855-jansi.dll
0x00007ffe594e0000 - 0x00007ffe594f0000 	C:\Users\Admin\.jdks\openjdk-22.0.1\bin\verify.dll
0x00007ffe67830000 - 0x00007ffe67848000 	C:\Windows\SYSTEM32\CRYPTSP.dll
0x00007ffe66f10000 - 0x00007ffe66f48000 	C:\Windows\system32\rsaenh.dll
0x00007ffe67e60000 - 0x00007ffe67e8e000 	C:\Windows\SYSTEM32\USERENV.dll
0x00007ffe67760000 - 0x00007ffe6776c000 	C:\Windows\SYSTEM32\CRYPTBASE.dll
0x00007ffe672d0000 - 0x00007ffe6730b000 	C:\Windows\SYSTEM32\IPHLPAPI.DLL
0x00007ffe694c0000 - 0x00007ffe694c8000 	C:\Windows\System32\NSI.dll

dbghelp: loaded successfully - version: 4.0.5 - missing functions: none
symbol engine: initialized successfully - sym options: 0x614 - pdb path: .;C:\Users\Admin\.jdks\openjdk-22.0.1\bin;C:\Windows\SYSTEM32;C:\Windows\WinSxS\amd64_microsoft.windows.common-controls_6595b64144ccf1df_6.0.19041.4355_none_60b8b9eb71f62e16;C:\Users\Admin\.jdks\openjdk-22.0.1\bin\server;C:\Users\Admin\AppData\Local\Temp

VM Arguments:
jvm_args: -Dmaven.multiModuleProjectDirectory=C:\Users\Admin\Desktop\library_app\Sisteme_te_Shperndara_Library\backend -Djansi.passthrough=true -Dmaven.home=C:\Users\Admin\.m2\wrapper\dists\apache-maven-3.9.9-bin\4nf9hui3q3djbarqar9g711ggc\apache-maven-3.9.9 -Dclassworlds.conf=C:\Users\Admin\.m2\wrapper\dists\apache-maven-3.9.9-bin\4nf9hui3q3djbarqar9g711ggc\apache-maven-3.9.9\bin\m2.conf -Dmaven.ext.class.path=C:\Program Files\JetBrains\IntelliJ IDEA 2024.1.1\plugins\maven\lib\maven-event-listener.jar -Dfile.encoding=UTF-8 -Dsun.stdout.encoding=UTF-8 -Dsun.stderr.encoding=UTF-8 
java_command: org.codehaus.classworlds.Launcher -Didea.version=2024.1.1 install
java_class_path (initial): C:\Users\Admin\.m2\wrapper\dists\apache-maven-3.9.9-bin\4nf9hui3q3djbarqar9g711ggc\apache-maven-3.9.9\boot\plexus-classworlds-2.8.0.jar;C:\Users\Admin\.m2\wrapper\dists\apache-maven-3.9.9-bin\4nf9hui3q3djbarqar9g711ggc\apache-maven-3.9.9\boot\plexus-classworlds.license
Launcher Type: SUN_STANDARD

[Global flags]
     intx CICompilerCount                          = 4                                         {product} {ergonomic}
     uint ConcGCThreads                            = 2                                         {product} {ergonomic}
     uint G1ConcRefinementThreads                  = 8                                         {product} {ergonomic}
   size_t G1HeapRegionSize                         = 1048576                                   {product} {ergonomic}
   size_t InitialHeapSize                          = 130023424                                 {product} {ergonomic}
   size_t MarkStackSize                            = 4194304                                   {product} {ergonomic}
   size_t MaxHeapSize                              = 2080374784                                {product} {ergonomic}
   size_t MaxNewSize                               = 1247805440                                {product} {ergonomic}
   size_t MinHeapDeltaBytes                        = 1048576                                   {product} {ergonomic}
   size_t MinHeapSize                              = 8388608                                   {product} {ergonomic}
    uintx NonNMethodCodeHeapSize                   = 5839372                                {pd product} {ergonomic}
    uintx NonProfiledCodeHeapSize                  = 122909434                              {pd product} {ergonomic}
    uintx ProfiledCodeHeapSize                     = 122909434                              {pd product} {ergonomic}
    uintx ReservedCodeCacheSize                    = 251658240                              {pd product} {ergonomic}
     bool SegmentedCodeCache                       = true                                      {product} {ergonomic}
   size_t SoftMaxHeapSize                          = 2080374784                             {manageable} {ergonomic}
     bool UseCompressedOops                        = true                           {product lp64_product} {ergonomic}
     bool UseG1GC                                  = true                                      {product} {ergonomic}
     bool UseLargePagesIndividualAllocation        = false                                  {pd product} {ergonomic}

Logging:
Log output configuration:
 #0: stdout all=warning uptime,level,tags foldmultilines=false
 #1: stderr all=off uptime,level,tags foldmultilines=false

Environment Variables:
JAVA_HOME=C:\Program Files\Java\jdk-22
PATH=C:\Program Files\Common Files\Oracle\Java\javapath;C:\Windows\system32;C:\Windows;C:\MinGW\bin;C:\Windows\System32\WindowsPowerShell\v1.0\;C:\Windows\System32\OpenSSH\;C:\Program Files\Git\cmd;C:\Program Files\nodejs\;C:\Program Files\Java\jdk-22\bin;C:\ProgramData\chocolatey\bin;C:\tools\gsudo\Current;C:\Program Files\DDEV;C:\Program Files\Microsoft SQL Server\150\Tools\Binn\;C:\Program Files\Microsoft SQL Server\Client SDK\ODBC\170\Tools\Binn\;C:\Program Files (x86)\Windows Kits\10\Windows Performance Toolkit\;C:\Program Files\dotnet\;C:\Program Files\Docker\Docker\resources\bin;C:\Program Files\maven\mvn\bin;C:\Users\Admin\AppData\Local\Programs\Python\Python313\Scripts\;C:\Users\Admin\AppData\Local\Programs\Python\Python313\;C:\Users\Admin\AppData\Local\Programs\Python\Launcher\;C:\Users\Admin\AppData\Local\Microsoft\WindowsApps;C:\Users\Admin\Desktop\Microsoft VS Code\bin;C:\Program Files\JetBrains\IntelliJ IDEA Community Edition 2023.2.3\bin;;C:\ProgramData\Admin\GitHubDesktop\bin;C:\Users\Admin\AppData\Roaming\npm;C:\Program Files\JetBrains\IntelliJ IDEA 2024.1.1\bin;;C:\MinGW\bin;C:\Users\Admin\.dotnet\tools;C:\Program Files (x86)\SDCC\bin;C:\Program Files (x86)\Nmap;C:\Program Files\maven\mvn\bin;
USERNAME=Admin
OS=Windows_NT
PROCESSOR_IDENTIFIER=Intel64 Family 6 Model 126 Stepping 5, GenuineIntel
TMP=C:\Users\Admin\AppData\Local\Temp
TEMP=C:\Users\Admin\AppData\Local\Temp




Periodic native trim disabled

---------------  S Y S T E M  ---------------

OS:
 Windows 10 , 64 bit Build 19041 (10.0.19041.5438)
OS uptime: 14 days 14:56 hours
Hyper-V role detected

CPU: total 8 (initial active 8) (4 cores per cpu, 2 threads per core) family 6 model 126 stepping 5 microcode 0x78, cx8, cmov, fxsr, ht, mmx, 3dnowpref, sse, sse2, sse3, ssse3, sse4.1, sse4.2, popcnt, lzcnt, tsc, tscinvbit, avx, avx2, aes, erms, clmul, bmi1, bmi2, adx, avx512f, avx512dq, avx512cd, avx512bw, avx512vl, sha, fma, vzeroupper, avx512_vpopcntdq, avx512_vpclmulqdq, avx512_vaes, avx512_vnni, clflush, clflushopt, avx512_vbmi2, avx512_vbmi, hv, rdtscp, rdpid, fsrm, gfni, avx512_bitalg, f16c, avx512_ifma
Processor Information for all 8 processors :
  Max Mhz: 1190, Current Mhz: 991, Mhz Limit: 987

Memory: 4k page, system-wide physical 7934M (125M free)
TotalPageFile size 20322M (AvailPageFile size 0M)
current process WorkingSet (physical memory assigned to process): 148M, peak: 231M
current process commit charge ("private bytes"): 188M, peak: 275M

vm_info: OpenJDK 64-Bit Server VM (22.0.1+8-16) for windows-amd64 JRE (22.0.1+8-16), built on 2024-03-12T10:33:16Z by "mach5one" with MS VC++ 17.6 (VS2022)

END.
