#
# There is insufficient memory for the Java Runtime Environment to continue.
# Native memory allocation (malloc) failed to allocate 2057776 bytes. Error detail: Chunk::new
# Possible reasons:
#   The system is out of physical RAM or swap space
#   This process is running with CompressedOops enabled, and the Java Heap may be blocking the growth of the native heap
# Possible solutions:
#   Reduce memory load on the system
#   Increase physical memory or swap space
#   Check if swap backing store is full
#   Decrease Java heap size (-Xmx/-Xms)
#   Decrease number of Java threads
#   Decrease Java thread stack sizes (-Xss)
#   Set larger code cache with -XX:ReservedCodeCacheSize=
#   JVM is running with Unscaled Compressed Oops mode in which the Java heap is
#     placed in the first 4GB address space. The Java Heap base address is the
#     maximum limit for the native heap growth. Please use -XX:HeapBaseMinAddress
#     to set the Java Heap base and to place the Java Heap above 4GB virtual address.
# This output file may be truncated or incomplete.
#
#  Out of Memory Error (arena.cpp:150), pid=21852, tid=12104
#
# JRE version: OpenJDK Runtime Environment (22.0.1+8) (build 22.0.1+8-16)
# Java VM: OpenJDK 64-Bit Server VM (22.0.1+8-16, mixed mode, sharing, tiered, compressed oops, compressed class ptrs, g1 gc, windows-amd64)
# No core dump will be written. Minidumps are not enabled by default on client versions of Windows
#

---------------  S U M M A R Y ------------

Command Line: -Dmaven.multiModuleProjectDirectory=C:\Users\Admin\Desktop\library_app\Sisteme_te_Shperndara_Library\backend -Djansi.passthrough=true -Dmaven.home=C:\Users\Admin\.m2\wrapper\dists\apache-maven-3.9.9-bin\4nf9hui3q3djbarqar9g711ggc\apache-maven-3.9.9 -Dclassworlds.conf=C:\Users\Admin\.m2\wrapper\dists\apache-maven-3.9.9-bin\4nf9hui3q3djbarqar9g711ggc\apache-maven-3.9.9\bin\m2.conf -Dmaven.ext.class.path=C:\Program Files\JetBrains\IntelliJ IDEA 2024.1.1\plugins\maven\lib\maven-event-listener.jar -Dfile.encoding=UTF-8 -Dsun.stdout.encoding=UTF-8 -Dsun.stderr.encoding=UTF-8 org.codehaus.classworlds.Launcher -Didea.version=2024.1.1 install

Host: Intel(R) Core(TM) i5-1035G1 CPU @ 1.00GHz, 8 cores, 7G,  Windows 10 , 64 bit Build 19041 (10.0.19041.5438)
Time: Thu May  1 00:09:03 2025 Central Europe Daylight Time elapsed time: 27.510695 seconds (0d 0h 0m 27s)

---------------  T H R E A D  ---------------

Current thread (0x0000025bfc37dd20):  JavaThread "C2 CompilerThread0" daemon [_thread_in_native, id=12104, stack(0x000000abbd900000,0x000000abbda00000) (1024K)]


Current CompileTask:
C2:27510 6702       4       lombok.core.AST::buildWithField (21 bytes)

Stack: [0x000000abbd900000,0x000000abbda00000]
Native frames: (J=compiled Java code, j=interpreted, Vv=VM code, C=native code)
V  [jvm.dll+0x6e2279]  (no source info available)
V  [jvm.dll+0x874e33]  (no source info available)
V  [jvm.dll+0x87725e]  (no source info available)
V  [jvm.dll+0x877933]  (no source info available)
V  [jvm.dll+0x27fd76]  (no source info available)
V  [jvm.dll+0xc3d0f]  (no source info available)
V  [jvm.dll+0xc3f6b]  (no source info available)
V  [jvm.dll+0x3bb0d2]  (no source info available)
V  [jvm.dll+0x387b6b]  (no source info available)
V  [jvm.dll+0x386fda]  (no source info available)
V  [jvm.dll+0x247918]  (no source info available)
V  [jvm.dll+0x246fbf]  (no source info available)
V  [jvm.dll+0x1c4e90]  (no source info available)
V  [jvm.dll+0x2569fe]  (no source info available)
V  [jvm.dll+0x254cba]  (no source info available)
V  [jvm.dll+0x3f5336]  (no source info available)
V  [jvm.dll+0x81d44b]  (no source info available)
V  [jvm.dll+0x6e0915]  (no source info available)
C  [ucrtbase.dll+0x21bb2]  (no source info available)
C  [KERNEL32.DLL+0x17374]  (no source info available)
C  [ntdll.dll+0x4cc91]  (no source info available)


---------------  P R O C E S S  ---------------

Threads class SMR info:
_java_thread_list=0x0000025bd542f410, length=12, elements={
0x0000025beca896a0, 0x0000025bfc370e50, 0x0000025bfc372e20, 0x0000025bfc37acb0,
0x0000025bfc37b800, 0x0000025bfc37c350, 0x0000025bfc37cea0, 0x0000025bfc37dd20,
0x0000025bfc37edd0, 0x0000025bd414cc80, 0x0000025bd4152b30, 0x0000025bd50de5f0
}

Java Threads: ( => current thread )
  0x0000025beca896a0 JavaThread "main"                              [_thread_in_Java, id=22156, stack(0x000000abbcb00000,0x000000abbcc00000) (1024K)]
  0x0000025bfc370e50 JavaThread "Reference Handler"          daemon [_thread_blocked, id=1964, stack(0x000000abbd300000,0x000000abbd400000) (1024K)]
  0x0000025bfc372e20 JavaThread "Finalizer"                  daemon [_thread_blocked, id=22860, stack(0x000000abbd400000,0x000000abbd500000) (1024K)]
  0x0000025bfc37acb0 JavaThread "Signal Dispatcher"          daemon [_thread_blocked, id=1736, stack(0x000000abbd500000,0x000000abbd600000) (1024K)]
  0x0000025bfc37b800 JavaThread "Attach Listener"            daemon [_thread_blocked, id=23260, stack(0x000000abbd600000,0x000000abbd700000) (1024K)]
  0x0000025bfc37c350 JavaThread "Service Thread"             daemon [_thread_blocked, id=19320, stack(0x000000abbd700000,0x000000abbd800000) (1024K)]
  0x0000025bfc37cea0 JavaThread "Monitor Deflation Thread"   daemon [_thread_blocked, id=14716, stack(0x000000abbd800000,0x000000abbd900000) (1024K)]
=>0x0000025bfc37dd20 JavaThread "C2 CompilerThread0"         daemon [_thread_in_native, id=12104, stack(0x000000abbd900000,0x000000abbda00000) (1024K)]
  0x0000025bfc37edd0 JavaThread "C1 CompilerThread0"         daemon [_thread_blocked, id=15380, stack(0x000000abbda00000,0x000000abbdb00000) (1024K)]
  0x0000025bd414cc80 JavaThread "Notification Thread"        daemon [_thread_blocked, id=13788, stack(0x000000abbdb00000,0x000000abbdc00000) (1024K)]
  0x0000025bd4152b30 JavaThread "Common-Cleaner"             daemon [_thread_blocked, id=1956, stack(0x000000abbdc00000,0x000000abbdd00000) (1024K)]
  0x0000025bd50de5f0 JavaThread "Thread-1"                   daemon [_thread_blocked, id=10540, stack(0x000000abbdd00000,0x000000abbde00000) (1024K)]
Total: 12

Other Threads:
  0x0000025bfc3561f0 VMThread "VM Thread"                           [id=1640, stack(0x000000abbd200000,0x000000abbd300000) (1024K)]
  0x0000025bfc33bf50 WatcherThread "VM Periodic Task Thread"        [id=17008, stack(0x000000abbd100000,0x000000abbd200000) (1024K)]
  0x0000025beec54080 WorkerThread "GC Thread#0"                     [id=11900, stack(0x000000abbcc00000,0x000000abbcd00000) (1024K)]
  0x0000025bd4e3cae0 WorkerThread "GC Thread#1"                     [id=13728, stack(0x000000abbde00000,0x000000abbdf00000) (1024K)]
  0x0000025bd4d911d0 WorkerThread "GC Thread#2"                     [id=12976, stack(0x000000abbdf00000,0x000000abbe000000) (1024K)]
  0x0000025bd4d9a620 WorkerThread "GC Thread#3"                     [id=21732, stack(0x000000abbe000000,0x000000abbe100000) (1024K)]
  0x0000025bd4d9a9d0 WorkerThread "GC Thread#4"                     [id=3632, stack(0x000000abbe100000,0x000000abbe200000) (1024K)]
  0x0000025bd4d9ad80 WorkerThread "GC Thread#5"                     [id=9244, stack(0x000000abbe200000,0x000000abbe300000) (1024K)]
  0x0000025bd4d9b130 WorkerThread "GC Thread#6"                     [id=9620, stack(0x000000abbe300000,0x000000abbe400000) (1024K)]
  0x0000025bd4d9b4e0 WorkerThread "GC Thread#7"                     [id=15820, stack(0x000000abbe400000,0x000000abbe500000) (1024K)]
  0x0000025beec64870 ConcurrentGCThread "G1 Main Marker"            [id=21324, stack(0x000000abbcd00000,0x000000abbce00000) (1024K)]
  0x0000025beec65380 WorkerThread "G1 Conc#0"                       [id=13224, stack(0x000000abbce00000,0x000000abbcf00000) (1024K)]
  0x0000025bd4cecc10 WorkerThread "G1 Conc#1"                       [id=19624, stack(0x000000abbe500000,0x000000abbe600000) (1024K)]
  0x0000025beecceb10 ConcurrentGCThread "G1 Refine#0"               [id=5840, stack(0x000000abbcf00000,0x000000abbd000000) (1024K)]
  0x0000025bfc20f880 ConcurrentGCThread "G1 Service"                [id=7488, stack(0x000000abbd000000,0x000000abbd100000) (1024K)]
Total: 15

Threads with active compile tasks:
C2 CompilerThread0  27692 6702       4       lombok.core.AST::buildWithField (21 bytes)
Total: 1

VM state: not at safepoint (normal execution)

VM Mutex/Monitor currently owned by a thread: None

Heap address: 0x0000000084000000, size: 1984 MB, Compressed Oops mode: 32-bit

CDS archive(s) mapped at: [0x0000025b8f000000-0x0000025b8fc50000-0x0000025b8fc50000), size 12910592, SharedBaseAddress: 0x0000025b8f000000, ArchiveRelocationMode: 1.
Compressed class space mapped at: 0x0000025b90000000-0x0000025bd0000000, reserved size: 1073741824
Narrow klass base: 0x0000025b8f000000, Narrow klass shift: 0, Narrow klass range: 0x41000000

GC Precious Log:
 CardTable entry size: 512
 Card Set container configuration: InlinePtr #cards 5 size 8 Array Of Cards #cards 12 size 40 Howl #buckets 4 coarsen threshold 1843 Howl Bitmap #cards 512 size 80 coarsen threshold 460 Card regions per heap region 1 cards per card region 2048
 CPUs: 8 total, 8 available
 Memory: 7934M
 Large Page Support: Disabled
 NUMA Support: Disabled
 Compressed Oops: Enabled (32-bit)
 Heap Region Size: 1M
 Heap Min Capacity: 8M
 Heap Initial Capacity: 124M
 Heap Max Capacity: 1984M
 Pre-touch: Disabled
 Parallel Workers: 8
 Concurrent Workers: 2
 Concurrent Refinement Workers: 8
 Periodic GC: Disabled

Heap:
 garbage-first heap   total reserved 2031616K, committed 126976K, used 55808K [0x0000000084000000, 0x0000000100000000)
  region size 1024K, 21 young (21504K), 2 survivors (2048K)
 Metaspace       used 29184K, committed 29632K, reserved 1114112K
  class space    used 3377K, committed 3584K, reserved 1048576K

Heap Regions: E=young(eden), S=young(survivor), O=old, HS=humongous(starts), HC=humongous(continues), CS=collection set, F=free, TAMS=top-at-mark-start, PB=parsable bottom
|   0|0x0000000084000000, 0x0000000084100000, 0x0000000084100000|100%| O|  |TAMS 0x0000000084000000| PB 0x0000000084000000| Untracked |  0
|   1|0x0000000084100000, 0x0000000084200000, 0x0000000084200000|100%| O|  |TAMS 0x0000000084100000| PB 0x0000000084100000| Untracked |  0
|   2|0x0000000084200000, 0x0000000084300000, 0x0000000084300000|100%| O|  |TAMS 0x0000000084200000| PB 0x0000000084200000| Untracked |  0
|   3|0x0000000084300000, 0x0000000084400000, 0x0000000084400000|100%| O|  |TAMS 0x0000000084300000| PB 0x0000000084300000| Untracked |  0
|   4|0x0000000084400000, 0x0000000084500000, 0x0000000084500000|100%|HS|  |TAMS 0x0000000084400000| PB 0x0000000084400000| Complete |  0
|   5|0x0000000084500000, 0x0000000084600000, 0x0000000084600000|100%|HC|  |TAMS 0x0000000084500000| PB 0x0000000084500000| Complete |  0
|   6|0x0000000084600000, 0x0000000084700000, 0x0000000084700000|100%|HS|  |TAMS 0x0000000084600000| PB 0x0000000084600000| Complete |  0
|   7|0x0000000084700000, 0x0000000084800000, 0x0000000084800000|100%| O|  |TAMS 0x0000000084700000| PB 0x0000000084700000| Untracked |  0
|   8|0x0000000084800000, 0x0000000084900000, 0x0000000084900000|100%| O|  |TAMS 0x0000000084800000| PB 0x0000000084800000| Untracked |  0
|   9|0x0000000084900000, 0x0000000084a00000, 0x0000000084a00000|100%| O|  |TAMS 0x0000000084900000| PB 0x0000000084900000| Untracked |  0
|  10|0x0000000084a00000, 0x0000000084b00000, 0x0000000084b00000|100%| O|  |TAMS 0x0000000084a00000| PB 0x0000000084a00000| Untracked |  0
|  11|0x0000000084b00000, 0x0000000084c00000, 0x0000000084c00000|100%| O|  |TAMS 0x0000000084b00000| PB 0x0000000084b00000| Untracked |  0
|  12|0x0000000084c00000, 0x0000000084d00000, 0x0000000084d00000|100%| O|  |TAMS 0x0000000084c00000| PB 0x0000000084c00000| Untracked |  0
|  13|0x0000000084d00000, 0x0000000084e00000, 0x0000000084e00000|100%| O|  |TAMS 0x0000000084d00000| PB 0x0000000084d00000| Untracked |  0
|  14|0x0000000084e00000, 0x0000000084f00000, 0x0000000084f00000|100%| O|  |TAMS 0x0000000084e00000| PB 0x0000000084e00000| Untracked |  0
|  15|0x0000000084f00000, 0x0000000085000000, 0x0000000085000000|100%| O|  |TAMS 0x0000000084f00000| PB 0x0000000084f00000| Untracked |  0
|  16|0x0000000085000000, 0x0000000085100000, 0x0000000085100000|100%| O|  |TAMS 0x0000000085000000| PB 0x0000000085000000| Untracked |  0
|  17|0x0000000085100000, 0x0000000085200000, 0x0000000085200000|100%| O|  |TAMS 0x0000000085100000| PB 0x0000000085100000| Untracked |  0
|  18|0x0000000085200000, 0x0000000085200000, 0x0000000085300000|  0%| F|  |TAMS 0x0000000085200000| PB 0x0000000085200000| Untracked |  0
|  19|0x0000000085300000, 0x0000000085300000, 0x0000000085400000|  0%| F|  |TAMS 0x0000000085300000| PB 0x0000000085300000| Untracked |  0
|  20|0x0000000085400000, 0x0000000085400000, 0x0000000085500000|  0%| F|  |TAMS 0x0000000085400000| PB 0x0000000085400000| Untracked |  0
|  21|0x0000000085500000, 0x0000000085500000, 0x0000000085600000|  0%| F|  |TAMS 0x0000000085500000| PB 0x0000000085500000| Untracked |  0
|  22|0x0000000085600000, 0x0000000085600000, 0x0000000085700000|  0%| F|  |TAMS 0x0000000085600000| PB 0x0000000085600000| Untracked |  0
|  23|0x0000000085700000, 0x0000000085700000, 0x0000000085800000|  0%| F|  |TAMS 0x0000000085700000| PB 0x0000000085700000| Untracked |  0
|  24|0x0000000085800000, 0x0000000085800000, 0x0000000085900000|  0%| F|  |TAMS 0x0000000085800000| PB 0x0000000085800000| Untracked |  0
|  25|0x0000000085900000, 0x0000000085980000, 0x0000000085a00000| 50%| S|CS|TAMS 0x0000000085900000| PB 0x0000000085900000| Complete |  0
|  26|0x0000000085a00000, 0x0000000085b00000, 0x0000000085b00000|100%| S|CS|TAMS 0x0000000085a00000| PB 0x0000000085a00000| Complete |  0
|  27|0x0000000085b00000, 0x0000000085b00000, 0x0000000085c00000|  0%| F|  |TAMS 0x0000000085b00000| PB 0x0000000085b00000| Untracked |  0
|  28|0x0000000085c00000, 0x0000000085c00000, 0x0000000085d00000|  0%| F|  |TAMS 0x0000000085c00000| PB 0x0000000085c00000| Untracked |  0
|  29|0x0000000085d00000, 0x0000000085d00000, 0x0000000085e00000|  0%| F|  |TAMS 0x0000000085d00000| PB 0x0000000085d00000| Untracked |  0
|  30|0x0000000085e00000, 0x0000000085e00000, 0x0000000085f00000|  0%| F|  |TAMS 0x0000000085e00000| PB 0x0000000085e00000| Untracked |  0
|  31|0x0000000085f00000, 0x0000000085f00000, 0x0000000086000000|  0%| F|  |TAMS 0x0000000085f00000| PB 0x0000000085f00000| Untracked |  0
|  32|0x0000000086000000, 0x0000000086000000, 0x0000000086100000|  0%| F|  |TAMS 0x0000000086000000| PB 0x0000000086000000| Untracked |  0
|  33|0x0000000086100000, 0x0000000086100000, 0x0000000086200000|  0%| F|  |TAMS 0x0000000086100000| PB 0x0000000086100000| Untracked |  0
|  34|0x0000000086200000, 0x0000000086200000, 0x0000000086300000|  0%| F|  |TAMS 0x0000000086200000| PB 0x0000000086200000| Untracked |  0
|  35|0x0000000086300000, 0x0000000086300000, 0x0000000086400000|  0%| F|  |TAMS 0x0000000086300000| PB 0x0000000086300000| Untracked |  0
|  36|0x0000000086400000, 0x0000000086400000, 0x0000000086500000|  0%| F|  |TAMS 0x0000000086400000| PB 0x0000000086400000| Untracked |  0
|  37|0x0000000086500000, 0x0000000086500000, 0x0000000086600000|  0%| F|  |TAMS 0x0000000086500000| PB 0x0000000086500000| Untracked |  0
|  38|0x0000000086600000, 0x0000000086600000, 0x0000000086700000|  0%| F|  |TAMS 0x0000000086600000| PB 0x0000000086600000| Untracked |  0
|  39|0x0000000086700000, 0x0000000086800000, 0x0000000086800000|100%| O|  |TAMS 0x0000000086700000| PB 0x0000000086700000| Untracked |  0
|  40|0x0000000086800000, 0x0000000086800000, 0x0000000086900000|  0%| F|  |TAMS 0x0000000086800000| PB 0x0000000086800000| Untracked |  0
|  41|0x0000000086900000, 0x0000000086900000, 0x0000000086a00000|  0%| F|  |TAMS 0x0000000086900000| PB 0x0000000086900000| Untracked |  0
|  42|0x0000000086a00000, 0x0000000086a00000, 0x0000000086b00000|  0%| F|  |TAMS 0x0000000086a00000| PB 0x0000000086a00000| Untracked |  0
|  43|0x0000000086b00000, 0x0000000086b00000, 0x0000000086c00000|  0%| F|  |TAMS 0x0000000086b00000| PB 0x0000000086b00000| Untracked |  0
|  44|0x0000000086c00000, 0x0000000086c00000, 0x0000000086d00000|  0%| F|  |TAMS 0x0000000086c00000| PB 0x0000000086c00000| Untracked |  0
|  45|0x0000000086d00000, 0x0000000086d00000, 0x0000000086e00000|  0%| F|  |TAMS 0x0000000086d00000| PB 0x0000000086d00000| Untracked |  0
|  46|0x0000000086e00000, 0x0000000086e00000, 0x0000000086f00000|  0%| F|  |TAMS 0x0000000086e00000| PB 0x0000000086e00000| Untracked |  0
|  47|0x0000000086f00000, 0x0000000086f00000, 0x0000000087000000|  0%| F|  |TAMS 0x0000000086f00000| PB 0x0000000086f00000| Untracked |  0
|  48|0x0000000087000000, 0x0000000087000000, 0x0000000087100000|  0%| F|  |TAMS 0x0000000087000000| PB 0x0000000087000000| Untracked |  0
|  49|0x0000000087100000, 0x0000000087100000, 0x0000000087200000|  0%| F|  |TAMS 0x0000000087100000| PB 0x0000000087100000| Untracked |  0
|  50|0x0000000087200000, 0x0000000087300000, 0x0000000087300000|100%| O|  |TAMS 0x0000000087200000| PB 0x0000000087200000| Untracked |  0
|  51|0x0000000087300000, 0x0000000087400000, 0x0000000087400000|100%| O|  |TAMS 0x0000000087300000| PB 0x0000000087300000| Untracked |  0
|  52|0x0000000087400000, 0x0000000087500000, 0x0000000087500000|100%| O|  |TAMS 0x0000000087400000| PB 0x0000000087400000| Untracked |  0
|  53|0x0000000087500000, 0x0000000087600000, 0x0000000087600000|100%| O|  |TAMS 0x0000000087500000| PB 0x0000000087500000| Untracked |  0
|  54|0x0000000087600000, 0x0000000087700000, 0x0000000087700000|100%| O|  |TAMS 0x0000000087600000| PB 0x0000000087600000| Untracked |  0
|  55|0x0000000087700000, 0x0000000087800000, 0x0000000087800000|100%| O|  |TAMS 0x0000000087700000| PB 0x0000000087700000| Untracked |  0
|  56|0x0000000087800000, 0x0000000087900000, 0x0000000087900000|100%| O|  |TAMS 0x0000000087800000| PB 0x0000000087800000| Untracked |  0
|  57|0x0000000087900000, 0x0000000087900000, 0x0000000087a00000|  0%| F|  |TAMS 0x0000000087900000| PB 0x0000000087900000| Untracked |  0
|  58|0x0000000087a00000, 0x0000000087a00000, 0x0000000087b00000|  0%| F|  |TAMS 0x0000000087a00000| PB 0x0000000087a00000| Untracked |  0
|  59|0x0000000087b00000, 0x0000000087b00000, 0x0000000087c00000|  0%| F|  |TAMS 0x0000000087b00000| PB 0x0000000087b00000| Untracked |  0
|  60|0x0000000087c00000, 0x0000000087c00000, 0x0000000087d00000|  0%| F|  |TAMS 0x0000000087c00000| PB 0x0000000087c00000| Untracked |  0
|  61|0x0000000087d00000, 0x0000000087d00000, 0x0000000087e00000|  0%| F|  |TAMS 0x0000000087d00000| PB 0x0000000087d00000| Untracked |  0
|  62|0x0000000087e00000, 0x0000000087e00000, 0x0000000087f00000|  0%| F|  |TAMS 0x0000000087e00000| PB 0x0000000087e00000| Untracked |  0
|  63|0x0000000087f00000, 0x0000000087f00000, 0x0000000088000000|  0%| F|  |TAMS 0x0000000087f00000| PB 0x0000000087f00000| Untracked |  0
|  64|0x0000000088000000, 0x0000000088000000, 0x0000000088100000|  0%| F|  |TAMS 0x0000000088000000| PB 0x0000000088000000| Untracked |  0
|  65|0x0000000088100000, 0x0000000088100000, 0x0000000088200000|  0%| F|  |TAMS 0x0000000088100000| PB 0x0000000088100000| Untracked |  0
|  66|0x0000000088200000, 0x0000000088200000, 0x0000000088300000|  0%| F|  |TAMS 0x0000000088200000| PB 0x0000000088200000| Untracked |  0
|  67|0x0000000088300000, 0x0000000088300000, 0x0000000088400000|  0%| F|  |TAMS 0x0000000088300000| PB 0x0000000088300000| Untracked |  0
|  68|0x0000000088400000, 0x0000000088400000, 0x0000000088500000|  0%| F|  |TAMS 0x0000000088400000| PB 0x0000000088400000| Untracked |  0
|  69|0x0000000088500000, 0x0000000088500000, 0x0000000088600000|  0%| F|  |TAMS 0x0000000088500000| PB 0x0000000088500000| Untracked |  0
|  70|0x0000000088600000, 0x0000000088600000, 0x0000000088700000|  0%| F|  |TAMS 0x0000000088600000| PB 0x0000000088600000| Untracked |  0
|  71|0x0000000088700000, 0x0000000088700000, 0x0000000088800000|  0%| F|  |TAMS 0x0000000088700000| PB 0x0000000088700000| Untracked |  0
|  72|0x0000000088800000, 0x0000000088800000, 0x0000000088900000|  0%| F|  |TAMS 0x0000000088800000| PB 0x0000000088800000| Untracked |  0
|  73|0x0000000088900000, 0x0000000088900000, 0x0000000088a00000|  0%| F|  |TAMS 0x0000000088900000| PB 0x0000000088900000| Untracked |  0
|  74|0x0000000088a00000, 0x0000000088a00000, 0x0000000088b00000|  0%| F|  |TAMS 0x0000000088a00000| PB 0x0000000088a00000| Untracked |  0
|  75|0x0000000088b00000, 0x0000000088b00000, 0x0000000088c00000|  0%| F|  |TAMS 0x0000000088b00000| PB 0x0000000088b00000| Untracked |  0
|  76|0x0000000088c00000, 0x0000000088c00000, 0x0000000088d00000|  0%| F|  |TAMS 0x0000000088c00000| PB 0x0000000088c00000| Untracked |  0
|  77|0x0000000088d00000, 0x0000000088d00000, 0x0000000088e00000|  0%| F|  |TAMS 0x0000000088d00000| PB 0x0000000088d00000| Untracked |  0
|  78|0x0000000088e00000, 0x0000000088e00000, 0x0000000088f00000|  0%| F|  |TAMS 0x0000000088e00000| PB 0x0000000088e00000| Untracked |  0
|  79|0x0000000088f00000, 0x0000000088f00000, 0x0000000089000000|  0%| F|  |TAMS 0x0000000088f00000| PB 0x0000000088f00000| Untracked |  0
|  80|0x0000000089000000, 0x0000000089000000, 0x0000000089100000|  0%| F|  |TAMS 0x0000000089000000| PB 0x0000000089000000| Untracked |  0
|  81|0x0000000089100000, 0x0000000089100000, 0x0000000089200000|  0%| F|  |TAMS 0x0000000089100000| PB 0x0000000089100000| Untracked |  0
|  82|0x0000000089200000, 0x0000000089200000, 0x0000000089300000|  0%| F|  |TAMS 0x0000000089200000| PB 0x0000000089200000| Untracked |  0
|  83|0x0000000089300000, 0x0000000089300000, 0x0000000089400000|  0%| F|  |TAMS 0x0000000089300000| PB 0x0000000089300000| Untracked |  0
|  84|0x0000000089400000, 0x0000000089400000, 0x0000000089500000|  0%| F|  |TAMS 0x0000000089400000| PB 0x0000000089400000| Untracked |  0
|  85|0x0000000089500000, 0x0000000089500000, 0x0000000089600000|  0%| F|  |TAMS 0x0000000089500000| PB 0x0000000089500000| Untracked |  0
|  86|0x0000000089600000, 0x0000000089600000, 0x0000000089700000|  0%| F|  |TAMS 0x0000000089600000| PB 0x0000000089600000| Untracked |  0
|  87|0x0000000089700000, 0x0000000089700000, 0x0000000089800000|  0%| F|  |TAMS 0x0000000089700000| PB 0x0000000089700000| Untracked |  0
|  88|0x0000000089800000, 0x0000000089800000, 0x0000000089900000|  0%| F|  |TAMS 0x0000000089800000| PB 0x0000000089800000| Untracked |  0
|  89|0x0000000089900000, 0x0000000089900000, 0x0000000089a00000|  0%| F|  |TAMS 0x0000000089900000| PB 0x0000000089900000| Untracked |  0
|  90|0x0000000089a00000, 0x0000000089a00000, 0x0000000089b00000|  0%| F|  |TAMS 0x0000000089a00000| PB 0x0000000089a00000| Untracked |  0
|  91|0x0000000089b00000, 0x0000000089b00000, 0x0000000089c00000|  0%| F|  |TAMS 0x0000000089b00000| PB 0x0000000089b00000| Untracked |  0
|  92|0x0000000089c00000, 0x0000000089c00000, 0x0000000089d00000|  0%| F|  |TAMS 0x0000000089c00000| PB 0x0000000089c00000| Untracked |  0
|  93|0x0000000089d00000, 0x0000000089d00000, 0x0000000089e00000|  0%| F|  |TAMS 0x0000000089d00000| PB 0x0000000089d00000| Untracked |  0
|  94|0x0000000089e00000, 0x0000000089e00000, 0x0000000089f00000|  0%| F|  |TAMS 0x0000000089e00000| PB 0x0000000089e00000| Untracked |  0
|  95|0x0000000089f00000, 0x0000000089f00000, 0x000000008a000000|  0%| F|  |TAMS 0x0000000089f00000| PB 0x0000000089f00000| Untracked |  0
|  96|0x000000008a000000, 0x000000008a100000, 0x000000008a100000|100%| E|  |TAMS 0x000000008a000000| PB 0x000000008a000000| Complete |  0
|  97|0x000000008a100000, 0x000000008a200000, 0x000000008a200000|100%| E|CS|TAMS 0x000000008a100000| PB 0x000000008a100000| Complete |  0
|  98|0x000000008a200000, 0x000000008a300000, 0x000000008a300000|100%| E|CS|TAMS 0x000000008a200000| PB 0x000000008a200000| Complete |  0
|  99|0x000000008a300000, 0x000000008a400000, 0x000000008a400000|100%| E|CS|TAMS 0x000000008a300000| PB 0x000000008a300000| Complete |  0
| 100|0x000000008a400000, 0x000000008a500000, 0x000000008a500000|100%| E|CS|TAMS 0x000000008a400000| PB 0x000000008a400000| Complete |  0
| 101|0x000000008a500000, 0x000000008a600000, 0x000000008a600000|100%| E|CS|TAMS 0x000000008a500000| PB 0x000000008a500000| Complete |  0
| 102|0x000000008a600000, 0x000000008a700000, 0x000000008a700000|100%| E|CS|TAMS 0x000000008a600000| PB 0x000000008a600000| Complete |  0
| 107|0x000000008ab00000, 0x000000008ac00000, 0x000000008ac00000|100%| E|CS|TAMS 0x000000008ab00000| PB 0x000000008ab00000| Complete |  0
| 108|0x000000008ac00000, 0x000000008ad00000, 0x000000008ad00000|100%| E|CS|TAMS 0x000000008ac00000| PB 0x000000008ac00000| Complete |  0
| 109|0x000000008ad00000, 0x000000008ae00000, 0x000000008ae00000|100%| E|CS|TAMS 0x000000008ad00000| PB 0x000000008ad00000| Complete |  0
| 110|0x000000008ae00000, 0x000000008af00000, 0x000000008af00000|100%| E|CS|TAMS 0x000000008ae00000| PB 0x000000008ae00000| Complete |  0
| 111|0x000000008af00000, 0x000000008b000000, 0x000000008b000000|100%| E|CS|TAMS 0x000000008af00000| PB 0x000000008af00000| Complete |  0
| 112|0x000000008b000000, 0x000000008b100000, 0x000000008b100000|100%| E|CS|TAMS 0x000000008b000000| PB 0x000000008b000000| Complete |  0
| 113|0x000000008b100000, 0x000000008b200000, 0x000000008b200000|100%| E|CS|TAMS 0x000000008b100000| PB 0x000000008b100000| Complete |  0
| 114|0x000000008b200000, 0x000000008b300000, 0x000000008b300000|100%| E|CS|TAMS 0x000000008b200000| PB 0x000000008b200000| Complete |  0
| 123|0x000000008bb00000, 0x000000008bc00000, 0x000000008bc00000|100%| E|CS|TAMS 0x000000008bb00000| PB 0x000000008bb00000| Complete |  0
| 124|0x000000008bc00000, 0x000000008bd00000, 0x000000008bd00000|100%| E|CS|TAMS 0x000000008bc00000| PB 0x000000008bc00000| Complete |  0
| 125|0x000000008bd00000, 0x000000008be00000, 0x000000008be00000|100%| E|CS|TAMS 0x000000008bd00000| PB 0x000000008bd00000| Complete |  0
|1974|0x00000000ff600000, 0x00000000ff700000, 0x00000000ff700000|100%| O|  |TAMS 0x00000000ff600000| PB 0x00000000ff600000| Untracked |  0
|1975|0x00000000ff700000, 0x00000000ff800000, 0x00000000ff800000|100%| O|  |TAMS 0x00000000ff700000| PB 0x00000000ff700000| Untracked |  0
|1976|0x00000000ff800000, 0x00000000ff900000, 0x00000000ff900000|100%| O|  |TAMS 0x00000000ff800000| PB 0x00000000ff800000| Untracked |  0
|1977|0x00000000ff900000, 0x00000000ffa00000, 0x00000000ffa00000|100%| O|  |TAMS 0x00000000ff900000| PB 0x00000000ff900000| Untracked |  0
|1978|0x00000000ffa00000, 0x00000000ffb00000, 0x00000000ffb00000|100%| O|  |TAMS 0x00000000ffa00000| PB 0x00000000ffa00000| Untracked |  0
|1979|0x00000000ffb00000, 0x00000000ffc00000, 0x00000000ffc00000|100%| O|  |TAMS 0x00000000ffb00000| PB 0x00000000ffb00000| Untracked |  0
|1980|0x00000000ffc00000, 0x00000000ffd00000, 0x00000000ffd00000|100%| O|  |TAMS 0x00000000ffc00000| PB 0x00000000ffc00000| Untracked |  0
|1981|0x00000000ffd00000, 0x00000000ffe00000, 0x00000000ffe00000|100%| O|  |TAMS 0x00000000ffd00000| PB 0x00000000ffd00000| Untracked |  0
|1982|0x00000000ffe00000, 0x00000000fff00000, 0x00000000fff00000|100%| O|  |TAMS 0x00000000ffe00000| PB 0x00000000ffe00000| Untracked |  0
|1983|0x00000000fff00000, 0x0000000100000000, 0x0000000100000000|100%| E|CS|TAMS 0x00000000fff00000| PB 0x00000000fff00000| Complete |  0

Card table byte_map: [0x0000025bf7660000,0x0000025bf7a40000] _byte_map_base: 0x0000025bf7240000

Marking Bits: (CMBitMap*) 0x0000025beec54790
 Bits: [0x0000025bf7a40000, 0x0000025bf9940000)

Polling page: 0x0000025becc00000

Metaspace:

Usage:
  Non-class:     25.20 MB used.
      Class:      3.30 MB used.
       Both:     28.50 MB used.

Virtual space:
  Non-class space:       64.00 MB reserved,      25.44 MB ( 40%) committed,  1 nodes.
      Class space:        1.00 GB reserved,       3.50 MB ( <1%) committed,  1 nodes.
             Both:        1.06 GB reserved,      28.94 MB (  3%) committed. 

Chunk freelists:
   Non-Class:  6.08 MB
       Class:  12.47 MB
        Both:  18.55 MB

MaxMetaspaceSize: unlimited
CompressedClassSpaceSize: 1.00 GB
Initial GC threshold: 21.00 MB
Current GC threshold: 40.56 MB
CDS: on
 - commit_granule_bytes: 65536.
 - commit_granule_words: 8192.
 - virtual_space_node_default_size: 8388608.
 - enlarge_chunks_in_place: 1.
 - use_allocation_guard: 0.


Internal statistics:

num_allocs_failed_limit: 35.
num_arena_births: 444.
num_arena_deaths: 0.
num_vsnodes_births: 2.
num_vsnodes_deaths: 0.
num_space_committed: 463.
num_space_uncommitted: 0.
num_chunks_returned_to_freelist: 35.
num_chunks_taken_from_freelist: 1534.
num_chunk_merges: 32.
num_chunk_splits: 1091.
num_chunks_enlarged: 799.
num_inconsistent_stats: 0.

CodeHeap 'non-profiled nmethods': size=120000Kb used=3166Kb max_used=3166Kb free=116833Kb
 bounds [0x0000025b87ad0000, 0x0000025b87df0000, 0x0000025b8f000000]
CodeHeap 'profiled nmethods': size=120000Kb used=15523Kb max_used=15523Kb free=104476Kb
 bounds [0x0000025b80000000, 0x0000025b80f30000, 0x0000025b87530000]
CodeHeap 'non-nmethods': size=5760Kb used=1637Kb max_used=1674Kb free=4122Kb
 bounds [0x0000025b87530000, 0x0000025b877a0000, 0x0000025b87ad0000]
 total_blobs=7739 nmethods=7186 adapters=457
 compilation: enabled
              stopped_count=0, restarted_count=0
 full_count=0

Compilation events (20 events):
Event: 27.491 Thread 0x0000025bfc37edd0 7149       2       com.sun.tools.javac.util.Iterators$1::next (30 bytes)
Event: 27.491 Thread 0x0000025bfc37edd0 nmethod 7149 0x0000025b80ef6610 code [0x0000025b80ef67c0, 0x0000025b80ef6a38]
Event: 27.494 Thread 0x0000025bfc37edd0 7151       2       com.sun.tools.javac.code.Scope$NamedImportScope::importType (22 bytes)
Event: 27.494 Thread 0x0000025bfc37edd0 nmethod 7151 0x0000025b80ef6b90 code [0x0000025b80ef6d60, 0x0000025b80ef72d0]
Event: 27.495 Thread 0x0000025bfc37edd0 7152       2       com.sun.tools.javac.util.ListBuffer::prepend (39 bytes)
Event: 27.496 Thread 0x0000025bfc37edd0 nmethod 7152 0x0000025b80ef7490 code [0x0000025b80ef7640, 0x0000025b80ef7948]
Event: 27.499 Thread 0x0000025bfc37edd0 7153       3       com.sun.tools.javac.comp.Resolve::resolveIdent (27 bytes)
Event: 27.499 Thread 0x0000025bfc37edd0 nmethod 7153 0x0000025b80ef7a90 code [0x0000025b80ef7c40, 0x0000025b80ef7e20]
Event: 27.499 Thread 0x0000025bfc37edd0 7158       2       com.sun.tools.javac.code.Scope::getSymbols (9 bytes)
Event: 27.499 Thread 0x0000025bfc37edd0 nmethod 7158 0x0000025b80ef7f90 code [0x0000025b80ef8140, 0x0000025b80ef8280]
Event: 27.499 Thread 0x0000025bfc37edd0 7154       2       com.sun.tools.javac.comp.Check$$Lambda/0x0000025b903288b0::test (8 bytes)
Event: 27.499 Thread 0x0000025bfc37edd0 nmethod 7154 0x0000025b80ef8310 code [0x0000025b80ef84a0, 0x0000025b80ef8610]
Event: 27.499 Thread 0x0000025bfc37edd0 7155       2       com.sun.tools.javac.comp.Check::lambda$checkImportsUnique$36 (16 bytes)
Event: 27.500 Thread 0x0000025bfc37edd0 nmethod 7155 0x0000025b80ef8710 code [0x0000025b80ef88a0, 0x0000025b80ef89a8]
Event: 27.500 Thread 0x0000025bfc37edd0 7159       3       com.sun.tools.javac.comp.Resolve::findType (512 bytes)
Event: 27.504 Thread 0x0000025bfc37edd0 nmethod 7159 0x0000025b80ef8a90 code [0x0000025b80ef8fc0, 0x0000025b80efb8b0]
Event: 27.504 Thread 0x0000025bfc37edd0 7156       2       com.sun.tools.javac.comp.Check::checkUniqueImport (130 bytes)
Event: 27.505 Thread 0x0000025bfc37edd0 nmethod 7156 0x0000025b80efc710 code [0x0000025b80efc960, 0x0000025b80efce50]
Event: 27.505 Thread 0x0000025bfc37edd0 7157       2       com.sun.tools.javac.comp.Check$$Lambda/0x0000025b90328af8::<init> (10 bytes)
Event: 27.505 Thread 0x0000025bfc37edd0 nmethod 7157 0x0000025b80efd190 code [0x0000025b80efd320, 0x0000025b80efd470]

GC Heap History (14 events):
Event: 8.354 GC heap before
{Heap before GC invocations=0 (full 0):
 garbage-first heap   total reserved 2031616K, committed 126976K, used 24576K [0x0000000084000000, 0x0000000100000000)
  region size 1024K, 24 young (24576K), 0 survivors (0K)
 Metaspace       used 5637K, committed 5824K, reserved 1114112K
  class space    used 673K, committed 768K, reserved 1048576K
}
Event: 8.488 GC heap after
{Heap after GC invocations=1 (full 0):
 garbage-first heap   total reserved 2031616K, committed 126976K, used 3720K [0x0000000084000000, 0x0000000100000000)
  region size 1024K, 3 young (3072K), 3 survivors (3072K)
 Metaspace       used 5637K, committed 5824K, reserved 1114112K
  class space    used 673K, committed 768K, reserved 1048576K
}
Event: 10.879 GC heap before
{Heap before GC invocations=1 (full 0):
 garbage-first heap   total reserved 2031616K, committed 126976K, used 35464K [0x0000000084000000, 0x0000000100000000)
  region size 1024K, 34 young (34816K), 3 survivors (3072K)
 Metaspace       used 9797K, committed 9984K, reserved 1114112K
  class space    used 1192K, committed 1280K, reserved 1048576K
}
Event: 10.896 GC heap after
{Heap after GC invocations=2 (full 0):
 garbage-first heap   total reserved 2031616K, committed 126976K, used 5855K [0x0000000084000000, 0x0000000100000000)
  region size 1024K, 2 young (2048K), 2 survivors (2048K)
 Metaspace       used 9797K, committed 9984K, reserved 1114112K
  class space    used 1192K, committed 1280K, reserved 1048576K
}
Event: 15.492 GC heap before
{Heap before GC invocations=2 (full 0):
 garbage-first heap   total reserved 2031616K, committed 126976K, used 79583K [0x0000000084000000, 0x0000000100000000)
  region size 1024K, 74 young (75776K), 2 survivors (2048K)
 Metaspace       used 15726K, committed 16000K, reserved 1114112K
  class space    used 1880K, committed 1984K, reserved 1048576K
}
Event: 15.534 GC heap after
{Heap after GC invocations=3 (full 0):
 garbage-first heap   total reserved 2031616K, committed 126976K, used 14256K [0x0000000084000000, 0x0000000100000000)
  region size 1024K, 10 young (10240K), 10 survivors (10240K)
 Metaspace       used 15726K, committed 16000K, reserved 1114112K
  class space    used 1880K, committed 1984K, reserved 1048576K
}
Event: 19.960 GC heap before
{Heap before GC invocations=3 (full 0):
 garbage-first heap   total reserved 2031616K, committed 126976K, used 115632K [0x0000000084000000, 0x0000000100000000)
  region size 1024K, 74 young (75776K), 10 survivors (10240K)
 Metaspace       used 19952K, committed 20288K, reserved 1114112K
  class space    used 2334K, committed 2496K, reserved 1048576K
}
Event: 20.008 GC heap after
{Heap after GC invocations=4 (full 0):
 garbage-first heap   total reserved 2031616K, committed 130048K, used 19968K [0x0000000084000000, 0x0000000100000000)
  region size 1024K, 5 young (5120K), 5 survivors (5120K)
 Metaspace       used 19952K, committed 20288K, reserved 1114112K
  class space    used 2334K, committed 2496K, reserved 1048576K
}
Event: 20.491 GC heap before
{Heap before GC invocations=4 (full 0):
 garbage-first heap   total reserved 2031616K, committed 130048K, used 30208K [0x0000000084000000, 0x0000000100000000)
  region size 1024K, 14 young (14336K), 5 survivors (5120K)
 Metaspace       used 21211K, committed 21504K, reserved 1114112K
  class space    used 2522K, committed 2688K, reserved 1048576K
}
Event: 20.506 GC heap after
{Heap after GC invocations=5 (full 0):
 garbage-first heap   total reserved 2031616K, committed 130048K, used 25088K [0x0000000084000000, 0x0000000100000000)
  region size 1024K, 8 young (8192K), 8 survivors (8192K)
 Metaspace       used 21211K, committed 21504K, reserved 1114112K
  class space    used 2522K, committed 2688K, reserved 1048576K
}
Event: 25.188 GC heap before
{Heap before GC invocations=6 (full 0):
 garbage-first heap   total reserved 2031616K, committed 86016K, used 84480K [0x0000000084000000, 0x0000000100000000)
  region size 1024K, 66 young (67584K), 8 survivors (8192K)
 Metaspace       used 27139K, committed 27456K, reserved 1114112K
  class space    used 3138K, committed 3264K, reserved 1048576K
}
Event: 25.236 GC heap after
{Heap after GC invocations=7 (full 0):
 garbage-first heap   total reserved 2031616K, committed 105472K, used 35840K [0x0000000084000000, 0x0000000100000000)
  region size 1024K, 10 young (10240K), 10 survivors (10240K)
 Metaspace       used 27139K, committed 27456K, reserved 1114112K
  class space    used 3138K, committed 3264K, reserved 1048576K
}
Event: 27.146 GC heap before
{Heap before GC invocations=7 (full 0):
 garbage-first heap   total reserved 2031616K, committed 105472K, used 83968K [0x0000000084000000, 0x0000000100000000)
  region size 1024K, 58 young (59392K), 10 survivors (10240K)
 Metaspace       used 28948K, committed 29376K, reserved 1114112K
  class space    used 3374K, committed 3584K, reserved 1048576K
}
Event: 27.168 GC heap after
{Heap after GC invocations=8 (full 0):
 garbage-first heap   total reserved 2031616K, committed 126976K, used 37376K [0x0000000084000000, 0x0000000100000000)
  region size 1024K, 2 young (2048K), 2 survivors (2048K)
 Metaspace       used 28948K, committed 29376K, reserved 1114112K
  class space    used 3374K, committed 3584K, reserved 1048576K
}

Dll operation events (8 events):
Event: 0.036 Loaded shared library C:\Users\Admin\.jdks\openjdk-22.0.1\bin\java.dll
Event: 1.331 Loaded shared library C:\Users\Admin\.jdks\openjdk-22.0.1\bin\jsvml.dll
Event: 1.489 Loaded shared library C:\Users\Admin\.jdks\openjdk-22.0.1\bin\net.dll
Event: 1.493 Loaded shared library C:\Users\Admin\.jdks\openjdk-22.0.1\bin\nio.dll
Event: 1.499 Loaded shared library C:\Users\Admin\.jdks\openjdk-22.0.1\bin\zip.dll
Event: 1.756 Loaded shared library C:\Users\Admin\.jdks\openjdk-22.0.1\bin\jimage.dll
Event: 3.071 Loaded shared library C:\Users\Admin\AppData\Local\Temp\jansi-2.4.1-581c2c969f42034c-jansi.dll
Event: 3.150 Loaded shared library C:\Users\Admin\.jdks\openjdk-22.0.1\bin\verify.dll

Deoptimization events (20 events):
Event: 27.404 Thread 0x0000025beca896a0 Uncommon trap: trap_request=0xffffffc6 fr.pc=0x0000025b87dcc020 relative=0x0000000000000f20
Event: 27.404 Thread 0x0000025beca896a0 Uncommon trap: reason=bimorphic_or_optimized_type_check action=maybe_recompile pc=0x0000025b87dcc020 method=lombok.javac.JavacNode.traverse(Llombok/javac/JavacASTVisitor;)V @ 113 c2
Event: 27.404 Thread 0x0000025beca896a0 DEOPT PACKING pc=0x0000025b87dcc020 sp=0x000000abbcbfd7c0
Event: 27.404 Thread 0x0000025beca896a0 DEOPT UNPACKING pc=0x0000025b87587da2 sp=0x000000abbcbfd748 mode 2
Event: 27.404 Thread 0x0000025beca896a0 Uncommon trap: trap_request=0xffffffc6 fr.pc=0x0000025b87dcb354 relative=0x0000000000000254
Event: 27.404 Thread 0x0000025beca896a0 Uncommon trap: reason=bimorphic_or_optimized_type_check action=maybe_recompile pc=0x0000025b87dcb354 method=lombok.javac.JavacNode.traverse(Llombok/javac/JavacASTVisitor;)V @ 490 c2
Event: 27.404 Thread 0x0000025beca896a0 DEOPT PACKING pc=0x0000025b87dcb354 sp=0x000000abbcbfd6e0
Event: 27.404 Thread 0x0000025beca896a0 DEOPT UNPACKING pc=0x0000025b87587da2 sp=0x000000abbcbfd660 mode 2
Event: 27.404 Thread 0x0000025beca896a0 Uncommon trap: trap_request=0xffffffc6 fr.pc=0x0000025b87dcb354 relative=0x0000000000000254
Event: 27.404 Thread 0x0000025beca896a0 Uncommon trap: reason=bimorphic_or_optimized_type_check action=maybe_recompile pc=0x0000025b87dcb354 method=lombok.javac.JavacNode.traverse(Llombok/javac/JavacASTVisitor;)V @ 490 c2
Event: 27.404 Thread 0x0000025beca896a0 DEOPT PACKING pc=0x0000025b87dcb354 sp=0x000000abbcbfd6e0
Event: 27.404 Thread 0x0000025beca896a0 DEOPT UNPACKING pc=0x0000025b87587da2 sp=0x000000abbcbfd660 mode 2
Event: 27.406 Thread 0x0000025beca896a0 DEOPT PACKING pc=0x0000025b80d167d8 sp=0x000000abbcbfd340
Event: 27.406 Thread 0x0000025beca896a0 DEOPT UNPACKING pc=0x0000025b875888e2 sp=0x000000abbcbfc828 mode 0
Event: 27.439 Thread 0x0000025beca896a0 DEOPT PACKING pc=0x0000025b80d167d8 sp=0x000000abbcbfd340
Event: 27.439 Thread 0x0000025beca896a0 DEOPT UNPACKING pc=0x0000025b875888e2 sp=0x000000abbcbfc828 mode 0
Event: 27.444 Thread 0x0000025beca896a0 Uncommon trap: trap_request=0xffffff45 fr.pc=0x0000025b87c0ced8 relative=0x0000000000001658
Event: 27.444 Thread 0x0000025beca896a0 Uncommon trap: reason=unstable_if action=reinterpret pc=0x0000025b87c0ced8 method=java.util.HashMap.hash(Ljava/lang/Object;)I @ 1 c2
Event: 27.444 Thread 0x0000025beca896a0 DEOPT PACKING pc=0x0000025b87c0ced8 sp=0x000000abbcbfda00
Event: 27.444 Thread 0x0000025beca896a0 DEOPT UNPACKING pc=0x0000025b87587da2 sp=0x000000abbcbfd910 mode 2

Classes loaded (20 events):
Event: 26.080 Loading class java/util/Collections$UnmodifiableSortedSet
Event: 26.081 Loading class java/util/Collections$UnmodifiableSortedSet done
Event: 26.107 Loading class java/util/IdentityHashMap$EntrySet
Event: 26.107 Loading class java/util/IdentityHashMap$EntrySet done
Event: 26.107 Loading class java/util/IdentityHashMap$EntryIterator
Event: 26.107 Loading class java/util/IdentityHashMap$EntryIterator done
Event: 26.107 Loading class java/util/IdentityHashMap$EntryIterator$Entry
Event: 26.108 Loading class java/util/IdentityHashMap$EntryIterator$Entry done
Event: 26.123 Loading class java/util/function/UnaryOperator
Event: 26.123 Loading class java/util/function/UnaryOperator done
Event: 26.153 Loading class java/util/regex/Pattern$Caret
Event: 26.153 Loading class java/util/regex/Pattern$Caret done
Event: 26.394 Loading class java/util/regex/Pattern$SliceI
Event: 26.394 Loading class java/util/regex/Pattern$SliceI done
Event: 26.452 Loading class java/util/regex/Pattern$Loop
Event: 26.452 Loading class java/util/regex/Pattern$Loop done
Event: 26.452 Loading class java/util/regex/Pattern$Prolog
Event: 26.452 Loading class java/util/regex/Pattern$Prolog done
Event: 26.506 Loading class java/util/regex/Pattern$LazyLoop
Event: 26.510 Loading class java/util/regex/Pattern$LazyLoop done

Classes unloaded (0 events):
No events

Classes redefined (0 events):
No events

Internal exceptions (20 events):
Event: 26.449 Thread 0x0000025beca896a0 Exception <a 'java/lang/NoSuchMethodError'{0x0000000087058ba8}: 'java.lang.Object java.lang.invoke.DelegatingMethodHandle$Holder.reinvoke_L(java.lang.Object, java.lang.Object, long, java.lang.Object)'> (0x0000000087058ba8) 
thrown [s\open\src\hotspot\share\interpreter\linkResolver.cpp, line 774]
Event: 26.455 Thread 0x0000025beca896a0 Exception <a 'java/lang/NoSuchMethodError'{0x00000000870706b8}: 'java.lang.Object java.lang.invoke.DirectMethodHandle$Holder.invokeVirtual(java.lang.Object, java.lang.Object, java.lang.Object, java.lang.Object, java.lang.Object, java.lang.Object, java.lang.Object, java.lang.Object, java.lang.Object, java.lang.Object)'> (0x00000000870706b8) 
thrown [s\open\src\hotspot\share\interpreter\linkResolver.cpp, line 774]
Event: 26.466 Thread 0x0000025beca896a0 Exception <a 'java/lang/NoSuchMethodError'{0x0000000087091c98}: 'java.lang.Object java.lang.invoke.DirectMethodHandle$Holder.invokeStatic(java.lang.Object, java.lang.Object, int)'> (0x0000000087091c98) 
thrown [s\open\src\hotspot\share\interpreter\linkResolver.cpp, line 774]
Event: 26.467 Thread 0x0000025beca896a0 Exception <a 'java/lang/NoSuchMethodError'{0x0000000087096500}: 'void java.lang.invoke.DirectMethodHandle$Holder.invokeStatic(java.lang.Object, java.lang.Object, int, java.lang.Object)'> (0x0000000087096500) 
thrown [s\open\src\hotspot\share\interpreter\linkResolver.cpp, line 774]
Event: 26.474 Thread 0x0000025beca896a0 Exception <a 'java/lang/NoSuchMethodError'{0x000000008709d888}: 'void java.lang.invoke.DelegatingMethodHandle$Holder.delegate(java.lang.Object, java.lang.Object, int, java.lang.Object)'> (0x000000008709d888) 
thrown [s\open\src\hotspot\share\interpreter\linkResolver.cpp, line 774]
Event: 26.527 Thread 0x0000025beca896a0 Exception <a 'java/lang/NoSuchMethodError'{0x0000000086fcd7b8}: 'void java.lang.invoke.DirectMethodHandle$Holder.invokeVirtual(java.lang.Object, java.lang.Object, java.lang.Object, java.lang.Object)'> (0x0000000086fcd7b8) 
thrown [s\open\src\hotspot\share\interpreter\linkResolver.cpp, line 774]
Event: 26.537 Thread 0x0000025beca896a0 Implicit null exception at 0x0000025b87d5b787 to 0x0000025b87d5c07c
Event: 26.603 Thread 0x0000025beca896a0 Exception <a 'java/lang/NoSuchMethodError'{0x0000000086eb2ff0}: 'java.lang.Object java.lang.invoke.DirectMethodHandle$Holder.invokeVirtual(java.lang.Object, java.lang.Object, java.lang.Object, java.lang.Object, java.lang.Object, java.lang.Object)'> (0x0000000086eb2ff0) 
thrown [s\open\src\hotspot\share\interpreter\linkResolver.cpp, line 774]
Event: 26.724 Thread 0x0000025beca896a0 Exception <a 'java/lang/NoSuchMethodError'{0x0000000086cde888}: 'java.lang.Object java.lang.invoke.DirectMethodHandle$Holder.invokeVirtual(java.lang.Object, java.lang.Object, java.lang.Object, java.lang.Object, java.lang.Object)'> (0x0000000086cde888) 
thrown [s\open\src\hotspot\share\interpreter\linkResolver.cpp, line 774]
Event: 26.736 Thread 0x0000025beca896a0 Exception <a 'java/lang/NoSuchMethodError'{0x0000000086b1d558}: 'java.lang.Object java.lang.invoke.DirectMethodHandle$Holder.invokeVirtual(java.lang.Object, java.lang.Object, long)'> (0x0000000086b1d558) 
thrown [s\open\src\hotspot\share\interpreter\linkResolver.cpp, line 774]
Event: 27.028 Thread 0x0000025beca896a0 Exception <a 'sun/nio/fs/WindowsException'{0x0000000085f01fc8}> (0x0000000085f01fc8) 
thrown [s\open\src\hotspot\share\prims\jni.cpp, line 520]
Event: 27.028 Thread 0x0000025beca896a0 Exception <a 'sun/nio/fs/WindowsException'{0x0000000085f029f0}> (0x0000000085f029f0) 
thrown [s\open\src\hotspot\share\prims\jni.cpp, line 520]
Event: 27.028 Thread 0x0000025beca896a0 Exception <a 'sun/nio/fs/WindowsException'{0x0000000085f03500}> (0x0000000085f03500) 
thrown [s\open\src\hotspot\share\prims\jni.cpp, line 520]
Event: 27.202 Thread 0x0000025beca896a0 Exception <a 'sun/nio/fs/WindowsException'{0x000000008bd558f0}> (0x000000008bd558f0) 
thrown [s\open\src\hotspot\share\prims\jni.cpp, line 520]
Event: 27.202 Thread 0x0000025beca896a0 Exception <a 'sun/nio/fs/WindowsException'{0x000000008bd56318}> (0x000000008bd56318) 
thrown [s\open\src\hotspot\share\prims\jni.cpp, line 520]
Event: 27.203 Thread 0x0000025beca896a0 Exception <a 'sun/nio/fs/WindowsException'{0x000000008bd56e28}> (0x000000008bd56e28) 
thrown [s\open\src\hotspot\share\prims\jni.cpp, line 520]
Event: 27.444 Thread 0x0000025beca896a0 Implicit null exception at 0x0000025b87c0b8e4 to 0x0000025b87c0cec4
Event: 27.447 Thread 0x0000025beca896a0 Exception <a 'sun/nio/fs/WindowsException'{0x000000008adb3800}> (0x000000008adb3800) 
thrown [s\open\src\hotspot\share\prims\jni.cpp, line 520]
Event: 27.447 Thread 0x0000025beca896a0 Exception <a 'sun/nio/fs/WindowsException'{0x000000008adb4228}> (0x000000008adb4228) 
thrown [s\open\src\hotspot\share\prims\jni.cpp, line 520]
Event: 27.447 Thread 0x0000025beca896a0 Exception <a 'sun/nio/fs/WindowsException'{0x000000008adb4d38}> (0x000000008adb4d38) 
thrown [s\open\src\hotspot\share\prims\jni.cpp, line 520]

ZGC Phase Switch (0 events):
No events

VM Operations (20 events):
Event: 22.331 Executing VM operation: Cleanup
Event: 22.332 Executing VM operation: Cleanup done
Event: 23.090 Executing VM operation: HandshakeAllThreads (Deoptimize)
Event: 23.090 Executing VM operation: HandshakeAllThreads (Deoptimize) done
Event: 23.092 Executing VM operation: HandshakeAllThreads (Deoptimize)
Event: 23.092 Executing VM operation: HandshakeAllThreads (Deoptimize) done
Event: 23.554 Executing VM operation: ICBufferFull
Event: 23.554 Executing VM operation: ICBufferFull done
Event: 24.001 Executing VM operation: ICBufferFull
Event: 24.001 Executing VM operation: ICBufferFull done
Event: 24.276 Executing VM operation: HandshakeAllThreads (Deoptimize)
Event: 24.276 Executing VM operation: HandshakeAllThreads (Deoptimize) done
Event: 25.187 Executing VM operation: G1CollectForAllocation (G1 Evacuation Pause)
Event: 25.236 Executing VM operation: G1CollectForAllocation (G1 Evacuation Pause) done
Event: 26.244 Executing VM operation: Cleanup
Event: 26.244 Executing VM operation: Cleanup done
Event: 27.020 Executing VM operation: ICBufferFull
Event: 27.020 Executing VM operation: ICBufferFull done
Event: 27.146 Executing VM operation: G1CollectForAllocation (G1 Evacuation Pause)
Event: 27.168 Executing VM operation: G1CollectForAllocation (G1 Evacuation Pause) done

Events (16 events):
Event: 0.078 Thread 0x0000025beca896a0 Thread added: 0x0000025beca896a0
Event: 0.783 Thread 0x0000025bfc370e50 Thread added: 0x0000025bfc370e50
Event: 0.783 Thread 0x0000025bfc372e20 Thread added: 0x0000025bfc372e20
Event: 0.784 Thread 0x0000025bfc37acb0 Thread added: 0x0000025bfc37acb0
Event: 0.784 Thread 0x0000025bfc37b800 Thread added: 0x0000025bfc37b800
Event: 0.789 Thread 0x0000025bfc37c350 Thread added: 0x0000025bfc37c350
Event: 0.790 Thread 0x0000025bfc37cea0 Thread added: 0x0000025bfc37cea0
Event: 0.790 Thread 0x0000025bfc37dd20 Thread added: 0x0000025bfc37dd20
Event: 0.792 Thread 0x0000025bfc37edd0 Thread added: 0x0000025bfc37edd0
Event: 0.898 Thread 0x0000025bd414cc80 Thread added: 0x0000025bd414cc80
Event: 0.903 Thread 0x0000025bd4152b30 Thread added: 0x0000025bd4152b30
Event: 1.751 Thread 0x0000025bd44f20e0 Thread added: 0x0000025bd44f20e0
Event: 3.160 Thread 0x0000025bd44f20e0 Thread exited: 0x0000025bd44f20e0
Event: 8.082 Thread 0x0000025bd4b77970 Thread added: 0x0000025bd4b77970
Event: 9.365 Thread 0x0000025bd4b77970 Thread exited: 0x0000025bd4b77970
Event: 12.551 Thread 0x0000025bd50de5f0 Thread added: 0x0000025bd50de5f0


Dynamic libraries:
0x00007ff7cf9b0000 - 0x00007ff7cf9be000 	C:\Users\Admin\.jdks\openjdk-22.0.1\bin\java.exe
0x00007ffe6a8d0000 - 0x00007ffe6aac8000 	C:\Windows\SYSTEM32\ntdll.dll
0x00007ffe6a760000 - 0x00007ffe6a822000 	C:\Windows\System32\KERNEL32.DLL
0x00007ffe680f0000 - 0x00007ffe683ef000 	C:\Windows\System32\KERNELBASE.dll
0x00007ffe67fa0000 - 0x00007ffe680a0000 	C:\Windows\System32\ucrtbase.dll
0x00007ffe5d280000 - 0x00007ffe5d297000 	C:\Users\Admin\.jdks\openjdk-22.0.1\bin\jli.dll
0x00007ffe69c40000 - 0x00007ffe69ddd000 	C:\Windows\System32\USER32.dll
0x00007ffe67f70000 - 0x00007ffe67f92000 	C:\Windows\System32\win32u.dll
0x00007ffe69170000 - 0x00007ffe6919b000 	C:\Windows\System32\GDI32.dll
0x00007ffe684b0000 - 0x00007ffe685ca000 	C:\Windows\System32\gdi32full.dll
0x00007ffe68850000 - 0x00007ffe688ed000 	C:\Windows\System32\msvcp_win.dll
0x00007ffe5c9f0000 - 0x00007ffe5ca0b000 	C:\Users\Admin\.jdks\openjdk-22.0.1\bin\VCRUNTIME140.dll
0x00007ffe54f50000 - 0x00007ffe551ea000 	C:\Windows\WinSxS\amd64_microsoft.windows.common-controls_6595b64144ccf1df_6.0.19041.4355_none_60b8b9eb71f62e16\COMCTL32.dll
0x00007ffe6a630000 - 0x00007ffe6a6ce000 	C:\Windows\System32\msvcrt.dll
0x00007ffe6a2f0000 - 0x00007ffe6a31f000 	C:\Windows\System32\IMM32.DLL
0x00007ffe5d420000 - 0x00007ffe5d42c000 	C:\Users\Admin\.jdks\openjdk-22.0.1\bin\vcruntime140_1.dll
0x00007ffe3a160000 - 0x00007ffe3a1ee000 	C:\Users\Admin\.jdks\openjdk-22.0.1\bin\msvcp140.dll
0x00007ffe1ea30000 - 0x00007ffe1f777000 	C:\Users\Admin\.jdks\openjdk-22.0.1\bin\server\jvm.dll
0x00007ffe690c0000 - 0x00007ffe6916f000 	C:\Windows\System32\ADVAPI32.dll
0x00007ffe69290000 - 0x00007ffe6932f000 	C:\Windows\System32\sechost.dll
0x00007ffe69390000 - 0x00007ffe694b3000 	C:\Windows\System32\RPCRT4.dll
0x00007ffe683f0000 - 0x00007ffe68417000 	C:\Windows\System32\bcrypt.dll
0x00007ffe69ab0000 - 0x00007ffe69b1b000 	C:\Windows\System32\WS2_32.dll
0x00007ffe67dd0000 - 0x00007ffe67e1b000 	C:\Windows\SYSTEM32\POWRPROF.dll
0x00007ffe52830000 - 0x00007ffe52857000 	C:\Windows\SYSTEM32\WINMM.dll
0x00007ffe61710000 - 0x00007ffe6171a000 	C:\Windows\SYSTEM32\VERSION.dll
0x00007ffe67db0000 - 0x00007ffe67dc2000 	C:\Windows\SYSTEM32\UMPDC.dll
0x00007ffe66750000 - 0x00007ffe66762000 	C:\Windows\SYSTEM32\kernel.appcore.dll
0x00007ffe5d270000 - 0x00007ffe5d27a000 	C:\Users\Admin\.jdks\openjdk-22.0.1\bin\jimage.dll
0x00007ffe65b20000 - 0x00007ffe65d04000 	C:\Windows\SYSTEM32\DBGHELP.DLL
0x00007ffe50210000 - 0x00007ffe50244000 	C:\Windows\SYSTEM32\dbgcore.DLL
0x00007ffe68420000 - 0x00007ffe684a2000 	C:\Windows\System32\bcryptPrimitives.dll
0x00007ffe5acb0000 - 0x00007ffe5acce000 	C:\Users\Admin\.jdks\openjdk-22.0.1\bin\java.dll
0x00007ffe68950000 - 0x00007ffe690bd000 	C:\Windows\System32\SHELL32.dll
0x00007ffe694d0000 - 0x00007ffe695fb000 	C:\Windows\System32\ole32.dll
0x00007ffe69de0000 - 0x00007ffe6a135000 	C:\Windows\System32\combase.dll
0x00007ffe65f90000 - 0x00007ffe66734000 	C:\Windows\SYSTEM32\windows.storage.dll
0x00007ffe677f0000 - 0x00007ffe6781b000 	C:\Windows\SYSTEM32\Wldp.dll
0x00007ffe6a450000 - 0x00007ffe6a51d000 	C:\Windows\System32\OLEAUT32.dll
0x00007ffe6a3a0000 - 0x00007ffe6a44d000 	C:\Windows\System32\SHCORE.dll
0x00007ffe688f0000 - 0x00007ffe68945000 	C:\Windows\System32\shlwapi.dll
0x00007ffe67ea0000 - 0x00007ffe67ec5000 	C:\Windows\SYSTEM32\profapi.dll
0x00007ffe3a080000 - 0x00007ffe3a157000 	C:\Users\Admin\.jdks\openjdk-22.0.1\bin\jsvml.dll
0x00007ffe5a3d0000 - 0x00007ffe5a3e0000 	C:\Users\Admin\.jdks\openjdk-22.0.1\bin\net.dll
0x00007ffe675d0000 - 0x00007ffe6763c000 	C:\Windows\system32\mswsock.dll
0x00007ffe55bf0000 - 0x00007ffe55c06000 	C:\Users\Admin\.jdks\openjdk-22.0.1\bin\nio.dll
0x00007ffe594f0000 - 0x00007ffe59507000 	C:\Users\Admin\.jdks\openjdk-22.0.1\bin\zip.dll
0x00007ffe38d70000 - 0x00007ffe38d94000 	C:\Users\Admin\AppData\Local\Temp\jansi-2.4.1-581c2c969f42034c-jansi.dll
0x00007ffe594e0000 - 0x00007ffe594f0000 	C:\Users\Admin\.jdks\openjdk-22.0.1\bin\verify.dll

dbghelp: loaded successfully - version: 4.0.5 - missing functions: none
symbol engine: initialized successfully - sym options: 0x614 - pdb path: .;C:\Users\Admin\.jdks\openjdk-22.0.1\bin;C:\Windows\SYSTEM32;C:\Windows\WinSxS\amd64_microsoft.windows.common-controls_6595b64144ccf1df_6.0.19041.4355_none_60b8b9eb71f62e16;C:\Users\Admin\.jdks\openjdk-22.0.1\bin\server;C:\Users\Admin\AppData\Local\Temp

VM Arguments:
jvm_args: -Dmaven.multiModuleProjectDirectory=C:\Users\Admin\Desktop\library_app\Sisteme_te_Shperndara_Library\backend -Djansi.passthrough=true -Dmaven.home=C:\Users\Admin\.m2\wrapper\dists\apache-maven-3.9.9-bin\4nf9hui3q3djbarqar9g711ggc\apache-maven-3.9.9 -Dclassworlds.conf=C:\Users\Admin\.m2\wrapper\dists\apache-maven-3.9.9-bin\4nf9hui3q3djbarqar9g711ggc\apache-maven-3.9.9\bin\m2.conf -Dmaven.ext.class.path=C:\Program Files\JetBrains\IntelliJ IDEA 2024.1.1\plugins\maven\lib\maven-event-listener.jar -Dfile.encoding=UTF-8 -Dsun.stdout.encoding=UTF-8 -Dsun.stderr.encoding=UTF-8 
java_command: org.codehaus.classworlds.Launcher -Didea.version=2024.1.1 install
java_class_path (initial): C:\Users\Admin\.m2\wrapper\dists\apache-maven-3.9.9-bin\4nf9hui3q3djbarqar9g711ggc\apache-maven-3.9.9\boot\plexus-classworlds-2.8.0.jar;C:\Users\Admin\.m2\wrapper\dists\apache-maven-3.9.9-bin\4nf9hui3q3djbarqar9g711ggc\apache-maven-3.9.9\boot\plexus-classworlds.license
Launcher Type: SUN_STANDARD

[Global flags]
     intx CICompilerCount                          = 4                                         {product} {ergonomic}
     uint ConcGCThreads                            = 2                                         {product} {ergonomic}
     uint G1ConcRefinementThreads                  = 8                                         {product} {ergonomic}
   size_t G1HeapRegionSize                         = 1048576                                   {product} {ergonomic}
   size_t InitialHeapSize                          = 130023424                                 {product} {ergonomic}
   size_t MarkStackSize                            = 4194304                                   {product} {ergonomic}
   size_t MaxHeapSize                              = 2080374784                                {product} {ergonomic}
   size_t MaxNewSize                               = 1247805440                                {product} {ergonomic}
   size_t MinHeapDeltaBytes                        = 1048576                                   {product} {ergonomic}
   size_t MinHeapSize                              = 8388608                                   {product} {ergonomic}
    uintx NonNMethodCodeHeapSize                   = 5839372                                {pd product} {ergonomic}
    uintx NonProfiledCodeHeapSize                  = 122909434                              {pd product} {ergonomic}
    uintx ProfiledCodeHeapSize                     = 122909434                              {pd product} {ergonomic}
    uintx ReservedCodeCacheSize                    = 251658240                              {pd product} {ergonomic}
     bool SegmentedCodeCache                       = true                                      {product} {ergonomic}
   size_t SoftMaxHeapSize                          = 2080374784                             {manageable} {ergonomic}
     bool UseCompressedOops                        = true                           {product lp64_product} {ergonomic}
     bool UseG1GC                                  = true                                      {product} {ergonomic}
     bool UseLargePagesIndividualAllocation        = false                                  {pd product} {ergonomic}

Logging:
Log output configuration:
 #0: stdout all=warning uptime,level,tags foldmultilines=false
 #1: stderr all=off uptime,level,tags foldmultilines=false

Environment Variables:
JAVA_HOME=C:\Program Files\Java\jdk-22
PATH=C:\Program Files\Common Files\Oracle\Java\javapath;C:\Windows\system32;C:\Windows;C:\MinGW\bin;C:\Windows\System32\WindowsPowerShell\v1.0\;C:\Windows\System32\OpenSSH\;C:\Program Files\Git\cmd;C:\Program Files\nodejs\;C:\Program Files\Java\jdk-22\bin;C:\ProgramData\chocolatey\bin;C:\tools\gsudo\Current;C:\Program Files\DDEV;C:\Program Files\Microsoft SQL Server\150\Tools\Binn\;C:\Program Files\Microsoft SQL Server\Client SDK\ODBC\170\Tools\Binn\;C:\Program Files (x86)\Windows Kits\10\Windows Performance Toolkit\;C:\Program Files\dotnet\;C:\Program Files\Docker\Docker\resources\bin;C:\Program Files\maven\mvn\bin;C:\Users\Admin\AppData\Local\Programs\Python\Python313\Scripts\;C:\Users\Admin\AppData\Local\Programs\Python\Python313\;C:\Users\Admin\AppData\Local\Programs\Python\Launcher\;C:\Users\Admin\AppData\Local\Microsoft\WindowsApps;C:\Users\Admin\Desktop\Microsoft VS Code\bin;C:\Program Files\JetBrains\IntelliJ IDEA Community Edition 2023.2.3\bin;;C:\ProgramData\Admin\GitHubDesktop\bin;C:\Users\Admin\AppData\Roaming\npm;C:\Program Files\JetBrains\IntelliJ IDEA 2024.1.1\bin;;C:\MinGW\bin;C:\Users\Admin\.dotnet\tools;C:\Program Files (x86)\SDCC\bin;C:\Program Files (x86)\Nmap;C:\Program Files\maven\mvn\bin;
USERNAME=Admin
OS=Windows_NT
PROCESSOR_IDENTIFIER=Intel64 Family 6 Model 126 Stepping 5, GenuineIntel
TMP=C:\Users\Admin\AppData\Local\Temp
TEMP=C:\Users\Admin\AppData\Local\Temp




Periodic native trim disabled

---------------  S Y S T E M  ---------------

OS:
 Windows 10 , 64 bit Build 19041 (10.0.19041.5438)
OS uptime: 14 days 14:56 hours
Hyper-V role detected

CPU: total 8 (initial active 8) (4 cores per cpu, 2 threads per core) family 6 model 126 stepping 5 microcode 0x78, cx8, cmov, fxsr, ht, mmx, 3dnowpref, sse, sse2, sse3, ssse3, sse4.1, sse4.2, popcnt, lzcnt, tsc, tscinvbit, avx, avx2, aes, erms, clmul, bmi1, bmi2, adx, avx512f, avx512dq, avx512cd, avx512bw, avx512vl, sha, fma, vzeroupper, avx512_vpopcntdq, avx512_vpclmulqdq, avx512_vaes, avx512_vnni, clflush, clflushopt, avx512_vbmi2, avx512_vbmi, hv, rdtscp, rdpid, fsrm, gfni, avx512_bitalg, f16c, avx512_ifma
Processor Information for all 8 processors :
  Max Mhz: 1190, Current Mhz: 991, Mhz Limit: 987

Memory: 4k page, system-wide physical 7934M (125M free)
TotalPageFile size 20322M (AvailPageFile size 0M)
current process WorkingSet (physical memory assigned to process): 246M, peak: 246M
current process commit charge ("private bytes"): 294M, peak: 295M

vm_info: OpenJDK 64-Bit Server VM (22.0.1+8-16) for windows-amd64 JRE (22.0.1+8-16), built on 2024-03-12T10:33:16Z by "mach5one" with MS VC++ 17.6 (VS2022)

END.
